<?xml version="1.0" encoding="UTF-8" ?>
<testsuite errors="0" failures="0" hostname="ALEJANDROPC" name="pipesandfilters.IPAFTest" skipped="0" tests="4" time="0.828" timestamp="2019-11-26T04:19:48">
  <properties>
[...]
</properties>
  <testcase classname="pipesandfilters.IPAFTest" name="testAsignarCuadro" time="0.032" />
  <testcase classname="pipesandfilters.IPAFTest" name="testRetirarJugador" time="0.593" />
  <testcase classname="pipesandfilters.IPAFTest" name="testCrearSala" time="0.016" />
  <testcase classname="pipesandfilters.IPAFTest" name="testAsignarLinea" time="0.0" />
  <system-out><![CDATA[SalaDTO{tableroDTO=TableroDTO{ verticales[LineaDTO{VERTICAL, 0, null), LineaDTO{VERTICAL, 1, null), LineaDTO{VERTICAL, 2, null), LineaDTO{VERTICAL, 3, null), LineaDTO{VERTICAL, 4, null), LineaDTO{VERTICAL, 5, null), LineaDTO{VERTICAL, 6, null), LineaDTO{VERTICAL, 7, null), LineaDTO{VERTICAL, 8, null), LineaDTO{VERTICAL, 9, null), LineaDTO{VERTICAL, 10, null), LineaDTO{VERTICAL, 11, null), LineaDTO{VERTICAL, 12, null), LineaDTO{VERTICAL, 13, null), LineaDTO{VERTICAL, 14, null), LineaDTO{VERTICAL, 15, null), LineaDTO{VERTICAL, 16, null), LineaDTO{VERTICAL, 17, null), LineaDTO{VERTICAL, 18, null), LineaDTO{VERTICAL, 19, null), LineaDTO{VERTICAL, 20, null), LineaDTO{VERTICAL, 21, null), LineaDTO{VERTICAL, 22, null), LineaDTO{VERTICAL, 23, null), LineaDTO{VERTICAL, 24, null), LineaDTO{VERTICAL, 25, null), LineaDTO{VERTICAL, 26, null), LineaDTO{VERTICAL, 27, null), LineaDTO{VERTICAL, 28, null), LineaDTO{VERTICAL, 29, null), LineaDTO{VERTICAL, 30, null), LineaDTO{VERTICAL, 31, null), LineaDTO{VERTICAL, 32, null), LineaDTO{VERTICAL, 33, null), LineaDTO{VERTICAL, 34, null), LineaDTO{VERTICAL, 35, null), LineaDTO{VERTICAL, 36, null), LineaDTO{VERTICAL, 37, null), LineaDTO{VERTICAL, 38, null), LineaDTO{VERTICAL, 39, null), LineaDTO{VERTICAL, 40, null), LineaDTO{VERTICAL, 41, null), LineaDTO{VERTICAL, 42, null), LineaDTO{VERTICAL, 43, null), LineaDTO{VERTICAL, 44, null), LineaDTO{VERTICAL, 45, null), LineaDTO{VERTICAL, 46, null), LineaDTO{VERTICAL, 47, null), LineaDTO{VERTICAL, 48, null), LineaDTO{VERTICAL, 49, null), LineaDTO{VERTICAL, 50, null), LineaDTO{VERTICAL, 51, null), LineaDTO{VERTICAL, 52, null), LineaDTO{VERTICAL, 53, null), LineaDTO{VERTICAL, 54, null), LineaDTO{VERTICAL, 55, null), LineaDTO{VERTICAL, 56, null), LineaDTO{VERTICAL, 57, null), LineaDTO{VERTICAL, 58, null), LineaDTO{VERTICAL, 59, null), LineaDTO{VERTICAL, 60, null), LineaDTO{VERTICAL, 61, null), LineaDTO{VERTICAL, 62, null), LineaDTO{VERTICAL, 63, null), LineaDTO{VERTICAL, 64, null), LineaDTO{VERTICAL, 65, null), LineaDTO{VERTICAL, 66, null), LineaDTO{VERTICAL, 67, null), LineaDTO{VERTICAL, 68, null), LineaDTO{VERTICAL, 69, null), LineaDTO{VERTICAL, 70, null), LineaDTO{VERTICAL, 71, null), LineaDTO{VERTICAL, 72, null), LineaDTO{VERTICAL, 73, null), LineaDTO{VERTICAL, 74, null), LineaDTO{VERTICAL, 75, null), LineaDTO{VERTICAL, 76, null), LineaDTO{VERTICAL, 77, null), LineaDTO{VERTICAL, 78, null), LineaDTO{VERTICAL, 79, null), LineaDTO{VERTICAL, 80, null), LineaDTO{VERTICAL, 81, null), LineaDTO{VERTICAL, 82, null), LineaDTO{VERTICAL, 83, null), LineaDTO{VERTICAL, 84, null), LineaDTO{VERTICAL, 85, null), LineaDTO{VERTICAL, 86, null), LineaDTO{VERTICAL, 87, null), LineaDTO{VERTICAL, 88, null), LineaDTO{VERTICAL, 89, null), LineaDTO{VERTICAL, 90, null), LineaDTO{VERTICAL, 91, null), LineaDTO{VERTICAL, 92, null), LineaDTO{VERTICAL, 93, null), LineaDTO{VERTICAL, 94, null), LineaDTO{VERTICAL, 95, null), LineaDTO{VERTICAL, 96, null), LineaDTO{VERTICAL, 97, null), LineaDTO{VERTICAL, 98, null), LineaDTO{VERTICAL, 99, null), LineaDTO{VERTICAL, 100, null), LineaDTO{VERTICAL, 101, null), LineaDTO{VERTICAL, 102, null), LineaDTO{VERTICAL, 103, null), LineaDTO{VERTICAL, 104, null), LineaDTO{VERTICAL, 105, null), LineaDTO{VERTICAL, 106, null), LineaDTO{VERTICAL, 107, null), LineaDTO{VERTICAL, 108, null), LineaDTO{VERTICAL, 109, null), LineaDTO{VERTICAL, 110, null), LineaDTO{VERTICAL, 111, null), LineaDTO{VERTICAL, 112, null), LineaDTO{VERTICAL, 113, null), LineaDTO{VERTICAL, 114, null), LineaDTO{VERTICAL, 115, null), LineaDTO{VERTICAL, 116, null), LineaDTO{VERTICAL, 117, null), LineaDTO{VERTICAL, 118, null), LineaDTO{VERTICAL, 119, null), LineaDTO{VERTICAL, 120, null), LineaDTO{VERTICAL, 121, null), LineaDTO{VERTICAL, 122, null), LineaDTO{VERTICAL, 123, null), LineaDTO{VERTICAL, 124, null), LineaDTO{VERTICAL, 125, null), LineaDTO{VERTICAL, 126, null), LineaDTO{VERTICAL, 127, null), LineaDTO{VERTICAL, 128, null), LineaDTO{VERTICAL, 129, null), LineaDTO{VERTICAL, 130, null), LineaDTO{VERTICAL, 131, null), LineaDTO{VERTICAL, 132, null), LineaDTO{VERTICAL, 133, null), LineaDTO{VERTICAL, 134, null), LineaDTO{VERTICAL, 135, null), LineaDTO{VERTICAL, 136, null), LineaDTO{VERTICAL, 137, null), LineaDTO{VERTICAL, 138, null), LineaDTO{VERTICAL, 139, null), LineaDTO{VERTICAL, 140, null), LineaDTO{VERTICAL, 141, null), LineaDTO{VERTICAL, 142, null), LineaDTO{VERTICAL, 143, null), LineaDTO{VERTICAL, 144, null), LineaDTO{VERTICAL, 145, null), LineaDTO{VERTICAL, 146, null), LineaDTO{VERTICAL, 147, null), LineaDTO{VERTICAL, 148, null), LineaDTO{VERTICAL, 149, null), LineaDTO{VERTICAL, 150, null), LineaDTO{VERTICAL, 151, null), LineaDTO{VERTICAL, 152, null), LineaDTO{VERTICAL, 153, null), LineaDTO{VERTICAL, 154, null), LineaDTO{VERTICAL, 155, null), LineaDTO{VERTICAL, 156, null), LineaDTO{VERTICAL, 157, null), LineaDTO{VERTICAL, 158, null), LineaDTO{VERTICAL, 159, null), LineaDTO{VERTICAL, 160, null), LineaDTO{VERTICAL, 161, null), LineaDTO{VERTICAL, 162, null), LineaDTO{VERTICAL, 163, null), LineaDTO{VERTICAL, 164, null), LineaDTO{VERTICAL, 165, null), LineaDTO{VERTICAL, 166, null), LineaDTO{VERTICAL, 167, null), LineaDTO{VERTICAL, 168, null), LineaDTO{VERTICAL, 169, null), LineaDTO{VERTICAL, 170, null), LineaDTO{VERTICAL, 171, null), LineaDTO{VERTICAL, 172, null), LineaDTO{VERTICAL, 173, null), LineaDTO{VERTICAL, 174, null), LineaDTO{VERTICAL, 175, null), LineaDTO{VERTICAL, 176, null), LineaDTO{VERTICAL, 177, null), LineaDTO{VERTICAL, 178, null), LineaDTO{VERTICAL, 179, null), LineaDTO{VERTICAL, 180, null), LineaDTO{VERTICAL, 181, null), LineaDTO{VERTICAL, 182, null), LineaDTO{VERTICAL, 183, null), LineaDTO{VERTICAL, 184, null), LineaDTO{VERTICAL, 185, null), LineaDTO{VERTICAL, 186, null), LineaDTO{VERTICAL, 187, null), LineaDTO{VERTICAL, 188, null), LineaDTO{VERTICAL, 189, null), LineaDTO{VERTICAL, 190, null), LineaDTO{VERTICAL, 191, null), LineaDTO{VERTICAL, 192, null), LineaDTO{VERTICAL, 193, null), LineaDTO{VERTICAL, 194, null), LineaDTO{VERTICAL, 195, null), LineaDTO{VERTICAL, 196, null), LineaDTO{VERTICAL, 197, null), LineaDTO{VERTICAL, 198, null), LineaDTO{VERTICAL, 199, null), LineaDTO{VERTICAL, 200, null), LineaDTO{VERTICAL, 201, null), LineaDTO{VERTICAL, 202, null), LineaDTO{VERTICAL, 203, null), LineaDTO{VERTICAL, 204, null), LineaDTO{VERTICAL, 205, null), LineaDTO{VERTICAL, 206, null), LineaDTO{VERTICAL, 207, null), LineaDTO{VERTICAL, 208, null), LineaDTO{VERTICAL, 209, null), LineaDTO{VERTICAL, 210, null), LineaDTO{VERTICAL, 211, null), LineaDTO{VERTICAL, 212, null), LineaDTO{VERTICAL, 213, null), LineaDTO{VERTICAL, 214, null), LineaDTO{VERTICAL, 215, null), LineaDTO{VERTICAL, 216, null), LineaDTO{VERTICAL, 217, null), LineaDTO{VERTICAL, 218, null), LineaDTO{VERTICAL, 219, null), LineaDTO{VERTICAL, 220, null), LineaDTO{VERTICAL, 221, null), LineaDTO{VERTICAL, 222, null), LineaDTO{VERTICAL, 223, null), LineaDTO{VERTICAL, 224, null), LineaDTO{VERTICAL, 225, null), LineaDTO{VERTICAL, 226, null), LineaDTO{VERTICAL, 227, null), LineaDTO{VERTICAL, 228, null), LineaDTO{VERTICAL, 229, null), LineaDTO{VERTICAL, 230, null), LineaDTO{VERTICAL, 231, null), LineaDTO{VERTICAL, 232, null), LineaDTO{VERTICAL, 233, null), LineaDTO{VERTICAL, 234, null), LineaDTO{VERTICAL, 235, null), LineaDTO{VERTICAL, 236, null), LineaDTO{VERTICAL, 237, null), LineaDTO{VERTICAL, 238, null), LineaDTO{VERTICAL, 239, null), LineaDTO{VERTICAL, 240, null), LineaDTO{VERTICAL, 241, null), LineaDTO{VERTICAL, 242, null), LineaDTO{VERTICAL, 243, null), LineaDTO{VERTICAL, 244, null), LineaDTO{VERTICAL, 245, null), LineaDTO{VERTICAL, 246, null), LineaDTO{VERTICAL, 247, null), LineaDTO{VERTICAL, 248, null), LineaDTO{VERTICAL, 249, null), LineaDTO{VERTICAL, 250, null), LineaDTO{VERTICAL, 251, null), LineaDTO{VERTICAL, 252, null), LineaDTO{VERTICAL, 253, null), LineaDTO{VERTICAL, 254, null), LineaDTO{VERTICAL, 255, null), LineaDTO{VERTICAL, 256, null), LineaDTO{VERTICAL, 257, null), LineaDTO{VERTICAL, 258, null), LineaDTO{VERTICAL, 259, null), LineaDTO{VERTICAL, 260, null), LineaDTO{VERTICAL, 261, null), LineaDTO{VERTICAL, 262, null), LineaDTO{VERTICAL, 263, null), LineaDTO{VERTICAL, 264, null), LineaDTO{VERTICAL, 265, null), LineaDTO{VERTICAL, 266, null), LineaDTO{VERTICAL, 267, null), LineaDTO{VERTICAL, 268, null), LineaDTO{VERTICAL, 269, null), LineaDTO{VERTICAL, 270, null), LineaDTO{VERTICAL, 271, null), LineaDTO{VERTICAL, 272, null), LineaDTO{VERTICAL, 273, null), LineaDTO{VERTICAL, 274, null), LineaDTO{VERTICAL, 275, null), LineaDTO{VERTICAL, 276, null), LineaDTO{VERTICAL, 277, null), LineaDTO{VERTICAL, 278, null), LineaDTO{VERTICAL, 279, null), LineaDTO{VERTICAL, 280, null), LineaDTO{VERTICAL, 281, null), LineaDTO{VERTICAL, 282, null), LineaDTO{VERTICAL, 283, null), LineaDTO{VERTICAL, 284, null), LineaDTO{VERTICAL, 285, null), LineaDTO{VERTICAL, 286, null), LineaDTO{VERTICAL, 287, null), LineaDTO{VERTICAL, 288, null), LineaDTO{VERTICAL, 289, null), LineaDTO{VERTICAL, 290, null), LineaDTO{VERTICAL, 291, null), LineaDTO{VERTICAL, 292, null), LineaDTO{VERTICAL, 293, null), LineaDTO{VERTICAL, 294, null), LineaDTO{VERTICAL, 295, null), LineaDTO{VERTICAL, 296, null), LineaDTO{VERTICAL, 297, null), LineaDTO{VERTICAL, 298, null), LineaDTO{VERTICAL, 299, null), LineaDTO{VERTICAL, 300, null), LineaDTO{VERTICAL, 301, null), LineaDTO{VERTICAL, 302, null), LineaDTO{VERTICAL, 303, null), LineaDTO{VERTICAL, 304, null), LineaDTO{VERTICAL, 305, null), LineaDTO{VERTICAL, 306, null), LineaDTO{VERTICAL, 307, null), LineaDTO{VERTICAL, 308, null), LineaDTO{VERTICAL, 309, null), LineaDTO{VERTICAL, 310, null), LineaDTO{VERTICAL, 311, null), LineaDTO{VERTICAL, 312, null), LineaDTO{VERTICAL, 313, null), LineaDTO{VERTICAL, 314, null), LineaDTO{VERTICAL, 315, null), LineaDTO{VERTICAL, 316, null), LineaDTO{VERTICAL, 317, null), LineaDTO{VERTICAL, 318, null), LineaDTO{VERTICAL, 319, null), LineaDTO{VERTICAL, 320, null), LineaDTO{VERTICAL, 321, null), LineaDTO{VERTICAL, 322, null), LineaDTO{VERTICAL, 323, null), LineaDTO{VERTICAL, 324, null), LineaDTO{VERTICAL, 325, null), LineaDTO{VERTICAL, 326, null), LineaDTO{VERTICAL, 327, null), LineaDTO{VERTICAL, 328, null), LineaDTO{VERTICAL, 329, null), LineaDTO{VERTICAL, 330, null), LineaDTO{VERTICAL, 331, null), LineaDTO{VERTICAL, 332, null), LineaDTO{VERTICAL, 333, null), LineaDTO{VERTICAL, 334, null), LineaDTO{VERTICAL, 335, null), LineaDTO{VERTICAL, 336, null), LineaDTO{VERTICAL, 337, null), LineaDTO{VERTICAL, 338, null), LineaDTO{VERTICAL, 339, null), LineaDTO{VERTICAL, 340, null), LineaDTO{VERTICAL, 341, null), LineaDTO{VERTICAL, 342, null), LineaDTO{VERTICAL, 343, null), LineaDTO{VERTICAL, 344, null), LineaDTO{VERTICAL, 345, null), LineaDTO{VERTICAL, 346, null), LineaDTO{VERTICAL, 347, null), LineaDTO{VERTICAL, 348, null), LineaDTO{VERTICAL, 349, null), LineaDTO{VERTICAL, 350, null), LineaDTO{VERTICAL, 351, null), LineaDTO{VERTICAL, 352, null), LineaDTO{VERTICAL, 353, null), LineaDTO{VERTICAL, 354, null), LineaDTO{VERTICAL, 355, null), LineaDTO{VERTICAL, 356, null), LineaDTO{VERTICAL, 357, null), LineaDTO{VERTICAL, 358, null), LineaDTO{VERTICAL, 359, null), LineaDTO{VERTICAL, 360, null), LineaDTO{VERTICAL, 361, null), LineaDTO{VERTICAL, 362, null), LineaDTO{VERTICAL, 363, null), LineaDTO{VERTICAL, 364, null), LineaDTO{VERTICAL, 365, null), LineaDTO{VERTICAL, 366, null), LineaDTO{VERTICAL, 367, null), LineaDTO{VERTICAL, 368, null), LineaDTO{VERTICAL, 369, null), LineaDTO{VERTICAL, 370, null), LineaDTO{VERTICAL, 371, null), LineaDTO{VERTICAL, 372, null), LineaDTO{VERTICAL, 373, null), LineaDTO{VERTICAL, 374, null), LineaDTO{VERTICAL, 375, null), LineaDTO{VERTICAL, 376, null), LineaDTO{VERTICAL, 377, null), LineaDTO{VERTICAL, 378, null), LineaDTO{VERTICAL, 379, null), LineaDTO{VERTICAL, 380, null), LineaDTO{VERTICAL, 381, null), LineaDTO{VERTICAL, 382, null), LineaDTO{VERTICAL, 383, null), LineaDTO{VERTICAL, 384, null), LineaDTO{VERTICAL, 385, null), LineaDTO{VERTICAL, 386, null), LineaDTO{VERTICAL, 387, null), LineaDTO{VERTICAL, 388, null), LineaDTO{VERTICAL, 389, null), LineaDTO{VERTICAL, 390, null), LineaDTO{VERTICAL, 391, null), LineaDTO{VERTICAL, 392, null), LineaDTO{VERTICAL, 393, null), LineaDTO{VERTICAL, 394, null), LineaDTO{VERTICAL, 395, null), LineaDTO{VERTICAL, 396, null), LineaDTO{VERTICAL, 397, null), LineaDTO{VERTICAL, 398, null), LineaDTO{VERTICAL, 399, null), LineaDTO{VERTICAL, 400, null), LineaDTO{VERTICAL, 401, null), LineaDTO{VERTICAL, 402, null), LineaDTO{VERTICAL, 403, null), LineaDTO{VERTICAL, 404, null), LineaDTO{VERTICAL, 405, null), LineaDTO{VERTICAL, 406, null), LineaDTO{VERTICAL, 407, null), LineaDTO{VERTICAL, 408, null), LineaDTO{VERTICAL, 409, null), LineaDTO{VERTICAL, 410, null), LineaDTO{VERTICAL, 411, null), LineaDTO{VERTICAL, 412, null), LineaDTO{VERTICAL, 413, null), LineaDTO{VERTICAL, 414, null), LineaDTO{VERTICAL, 415, null), LineaDTO{VERTICAL, 416, null), LineaDTO{VERTICAL, 417, null), LineaDTO{VERTICAL, 418, null), LineaDTO{VERTICAL, 419, null), LineaDTO{VERTICAL, 420, null), LineaDTO{VERTICAL, 421, null), LineaDTO{VERTICAL, 422, null), LineaDTO{VERTICAL, 423, null), LineaDTO{VERTICAL, 424, null), LineaDTO{VERTICAL, 425, null), LineaDTO{VERTICAL, 426, null), LineaDTO{VERTICAL, 427, null), LineaDTO{VERTICAL, 428, null), LineaDTO{VERTICAL, 429, null), LineaDTO{VERTICAL, 430, null), LineaDTO{VERTICAL, 431, null), LineaDTO{VERTICAL, 432, null), LineaDTO{VERTICAL, 433, null), LineaDTO{VERTICAL, 434, null), LineaDTO{VERTICAL, 435, null), LineaDTO{VERTICAL, 436, null), LineaDTO{VERTICAL, 437, null), LineaDTO{VERTICAL, 438, null), LineaDTO{VERTICAL, 439, null), LineaDTO{VERTICAL, 440, null), LineaDTO{VERTICAL, 441, null), LineaDTO{VERTICAL, 442, null), LineaDTO{VERTICAL, 443, null), LineaDTO{VERTICAL, 444, null), LineaDTO{VERTICAL, 445, null), LineaDTO{VERTICAL, 446, null), LineaDTO{VERTICAL, 447, null), LineaDTO{VERTICAL, 448, null), LineaDTO{VERTICAL, 449, null), LineaDTO{VERTICAL, 450, null), LineaDTO{VERTICAL, 451, null), LineaDTO{VERTICAL, 452, null), LineaDTO{VERTICAL, 453, null), LineaDTO{VERTICAL, 454, null), LineaDTO{VERTICAL, 455, null), LineaDTO{VERTICAL, 456, null), LineaDTO{VERTICAL, 457, null), LineaDTO{VERTICAL, 458, null), LineaDTO{VERTICAL, 459, null), LineaDTO{VERTICAL, 460, null), LineaDTO{VERTICAL, 461, null), LineaDTO{VERTICAL, 462, null), LineaDTO{VERTICAL, 463, null), LineaDTO{VERTICAL, 464, null), LineaDTO{VERTICAL, 465, null), LineaDTO{VERTICAL, 466, null), LineaDTO{VERTICAL, 467, null), LineaDTO{VERTICAL, 468, null), LineaDTO{VERTICAL, 469, null), LineaDTO{VERTICAL, 470, null), LineaDTO{VERTICAL, 471, null), LineaDTO{VERTICAL, 472, null), LineaDTO{VERTICAL, 473, null), LineaDTO{VERTICAL, 474, null), LineaDTO{VERTICAL, 475, null), LineaDTO{VERTICAL, 476, null), LineaDTO{VERTICAL, 477, null), LineaDTO{VERTICAL, 478, null), LineaDTO{VERTICAL, 479, null), LineaDTO{VERTICAL, 480, null), LineaDTO{VERTICAL, 481, null), LineaDTO{VERTICAL, 482, null), LineaDTO{VERTICAL, 483, null), LineaDTO{VERTICAL, 484, null), LineaDTO{VERTICAL, 485, null), LineaDTO{VERTICAL, 486, null), LineaDTO{VERTICAL, 487, null), LineaDTO{VERTICAL, 488, null), LineaDTO{VERTICAL, 489, null), LineaDTO{VERTICAL, 490, null), LineaDTO{VERTICAL, 491, null), LineaDTO{VERTICAL, 492, null), LineaDTO{VERTICAL, 493, null), LineaDTO{VERTICAL, 494, null), LineaDTO{VERTICAL, 495, null), LineaDTO{VERTICAL, 496, null), LineaDTO{VERTICAL, 497, null), LineaDTO{VERTICAL, 498, null), LineaDTO{VERTICAL, 499, null), LineaDTO{VERTICAL, 500, null), LineaDTO{VERTICAL, 501, null), LineaDTO{VERTICAL, 502, null), LineaDTO{VERTICAL, 503, null), LineaDTO{VERTICAL, 504, null), LineaDTO{VERTICAL, 505, null), LineaDTO{VERTICAL, 506, null), LineaDTO{VERTICAL, 507, null), LineaDTO{VERTICAL, 508, null), LineaDTO{VERTICAL, 509, null), LineaDTO{VERTICAL, 510, null), LineaDTO{VERTICAL, 511, null), LineaDTO{VERTICAL, 512, null), LineaDTO{VERTICAL, 513, null), LineaDTO{VERTICAL, 514, null), LineaDTO{VERTICAL, 515, null), LineaDTO{VERTICAL, 516, null), LineaDTO{VERTICAL, 517, null), LineaDTO{VERTICAL, 518, null), LineaDTO{VERTICAL, 519, null), LineaDTO{VERTICAL, 520, null), LineaDTO{VERTICAL, 521, null), LineaDTO{VERTICAL, 522, null), LineaDTO{VERTICAL, 523, null), LineaDTO{VERTICAL, 524, null), LineaDTO{VERTICAL, 525, null), LineaDTO{VERTICAL, 526, null), LineaDTO{VERTICAL, 527, null), LineaDTO{VERTICAL, 528, null), LineaDTO{VERTICAL, 529, null), LineaDTO{VERTICAL, 530, null), LineaDTO{VERTICAL, 531, null), LineaDTO{VERTICAL, 532, null), LineaDTO{VERTICAL, 533, null), LineaDTO{VERTICAL, 534, null), LineaDTO{VERTICAL, 535, null), LineaDTO{VERTICAL, 536, null), LineaDTO{VERTICAL, 537, null), LineaDTO{VERTICAL, 538, null), LineaDTO{VERTICAL, 539, null), LineaDTO{VERTICAL, 540, null), LineaDTO{VERTICAL, 541, null), LineaDTO{VERTICAL, 542, null), LineaDTO{VERTICAL, 543, null), LineaDTO{VERTICAL, 544, null), LineaDTO{VERTICAL, 545, null), LineaDTO{VERTICAL, 546, null), LineaDTO{VERTICAL, 547, null), LineaDTO{VERTICAL, 548, null), LineaDTO{VERTICAL, 549, null), LineaDTO{VERTICAL, 550, null), LineaDTO{VERTICAL, 551, null), LineaDTO{VERTICAL, 552, null), LineaDTO{VERTICAL, 553, null), LineaDTO{VERTICAL, 554, null), LineaDTO{VERTICAL, 555, null), LineaDTO{VERTICAL, 556, null), LineaDTO{VERTICAL, 557, null), LineaDTO{VERTICAL, 558, null), LineaDTO{VERTICAL, 559, null), LineaDTO{VERTICAL, 560, null), LineaDTO{VERTICAL, 561, null), LineaDTO{VERTICAL, 562, null), LineaDTO{VERTICAL, 563, null), LineaDTO{VERTICAL, 564, null), LineaDTO{VERTICAL, 565, null), LineaDTO{VERTICAL, 566, null), LineaDTO{VERTICAL, 567, null), LineaDTO{VERTICAL, 568, null), LineaDTO{VERTICAL, 569, null), LineaDTO{VERTICAL, 570, null), LineaDTO{VERTICAL, 571, null), LineaDTO{VERTICAL, 572, null), LineaDTO{VERTICAL, 573, null), LineaDTO{VERTICAL, 574, null), LineaDTO{VERTICAL, 575, null), LineaDTO{VERTICAL, 576, null), LineaDTO{VERTICAL, 577, null), LineaDTO{VERTICAL, 578, null), LineaDTO{VERTICAL, 579, null), LineaDTO{VERTICAL, 580, null), LineaDTO{VERTICAL, 581, null), LineaDTO{VERTICAL, 582, null), LineaDTO{VERTICAL, 583, null), LineaDTO{VERTICAL, 584, null), LineaDTO{VERTICAL, 585, null), LineaDTO{VERTICAL, 586, null), LineaDTO{VERTICAL, 587, null), LineaDTO{VERTICAL, 588, null), LineaDTO{VERTICAL, 589, null), LineaDTO{VERTICAL, 590, null), LineaDTO{VERTICAL, 591, null), LineaDTO{VERTICAL, 592, null), LineaDTO{VERTICAL, 593, null), LineaDTO{VERTICAL, 594, null), LineaDTO{VERTICAL, 595, null), LineaDTO{VERTICAL, 596, null), LineaDTO{VERTICAL, 597, null), LineaDTO{VERTICAL, 598, null), LineaDTO{VERTICAL, 599, null), LineaDTO{VERTICAL, 600, null), LineaDTO{VERTICAL, 601, null), LineaDTO{VERTICAL, 602, null), LineaDTO{VERTICAL, 603, null), LineaDTO{VERTICAL, 604, null), LineaDTO{VERTICAL, 605, null), LineaDTO{VERTICAL, 606, null), LineaDTO{VERTICAL, 607, null), LineaDTO{VERTICAL, 608, null), LineaDTO{VERTICAL, 609, null), LineaDTO{VERTICAL, 610, null), LineaDTO{VERTICAL, 611, null), LineaDTO{VERTICAL, 612, null), LineaDTO{VERTICAL, 613, null), LineaDTO{VERTICAL, 614, null), LineaDTO{VERTICAL, 615, null), LineaDTO{VERTICAL, 616, null), LineaDTO{VERTICAL, 617, null), LineaDTO{VERTICAL, 618, null), LineaDTO{VERTICAL, 619, null), LineaDTO{VERTICAL, 620, null), LineaDTO{VERTICAL, 621, null), LineaDTO{VERTICAL, 622, null), LineaDTO{VERTICAL, 623, null), LineaDTO{VERTICAL, 624, null), LineaDTO{VERTICAL, 625, null), LineaDTO{VERTICAL, 626, null), LineaDTO{VERTICAL, 627, null), LineaDTO{VERTICAL, 628, null), LineaDTO{VERTICAL, 629, null), LineaDTO{VERTICAL, 630, null), LineaDTO{VERTICAL, 631, null), LineaDTO{VERTICAL, 632, null), LineaDTO{VERTICAL, 633, null), LineaDTO{VERTICAL, 634, null), LineaDTO{VERTICAL, 635, null), LineaDTO{VERTICAL, 636, null), LineaDTO{VERTICAL, 637, null), LineaDTO{VERTICAL, 638, null), LineaDTO{VERTICAL, 639, null), LineaDTO{VERTICAL, 640, null), LineaDTO{VERTICAL, 641, null), LineaDTO{VERTICAL, 642, null), LineaDTO{VERTICAL, 643, null), LineaDTO{VERTICAL, 644, null), LineaDTO{VERTICAL, 645, null), LineaDTO{VERTICAL, 646, null), LineaDTO{VERTICAL, 647, null), LineaDTO{VERTICAL, 648, null), LineaDTO{VERTICAL, 649, null), LineaDTO{VERTICAL, 650, null), LineaDTO{VERTICAL, 651, null), LineaDTO{VERTICAL, 652, null), LineaDTO{VERTICAL, 653, null), LineaDTO{VERTICAL, 654, null), LineaDTO{VERTICAL, 655, null), LineaDTO{VERTICAL, 656, null), LineaDTO{VERTICAL, 657, null), LineaDTO{VERTICAL, 658, null), LineaDTO{VERTICAL, 659, null), LineaDTO{VERTICAL, 660, null), LineaDTO{VERTICAL, 661, null), LineaDTO{VERTICAL, 662, null), LineaDTO{VERTICAL, 663, null), LineaDTO{VERTICAL, 664, null), LineaDTO{VERTICAL, 665, null), LineaDTO{VERTICAL, 666, null), LineaDTO{VERTICAL, 667, null), LineaDTO{VERTICAL, 668, null), LineaDTO{VERTICAL, 669, null), LineaDTO{VERTICAL, 670, null), LineaDTO{VERTICAL, 671, null), LineaDTO{VERTICAL, 672, null), LineaDTO{VERTICAL, 673, null), LineaDTO{VERTICAL, 674, null), LineaDTO{VERTICAL, 675, null), LineaDTO{VERTICAL, 676, null), LineaDTO{VERTICAL, 677, null), LineaDTO{VERTICAL, 678, null), LineaDTO{VERTICAL, 679, null), LineaDTO{VERTICAL, 680, null), LineaDTO{VERTICAL, 681, null), LineaDTO{VERTICAL, 682, null), LineaDTO{VERTICAL, 683, null), LineaDTO{VERTICAL, 684, null), LineaDTO{VERTICAL, 685, null), LineaDTO{VERTICAL, 686, null), LineaDTO{VERTICAL, 687, null), LineaDTO{VERTICAL, 688, null), LineaDTO{VERTICAL, 689, null), LineaDTO{VERTICAL, 690, null), LineaDTO{VERTICAL, 691, null), LineaDTO{VERTICAL, 692, null), LineaDTO{VERTICAL, 693, null), LineaDTO{VERTICAL, 694, null), LineaDTO{VERTICAL, 695, null), LineaDTO{VERTICAL, 696, null), LineaDTO{VERTICAL, 697, null), LineaDTO{VERTICAL, 698, null), LineaDTO{VERTICAL, 699, null), LineaDTO{VERTICAL, 700, null), LineaDTO{VERTICAL, 701, null), LineaDTO{VERTICAL, 702, null), LineaDTO{VERTICAL, 703, null), LineaDTO{VERTICAL, 704, null), LineaDTO{VERTICAL, 705, null), LineaDTO{VERTICAL, 706, null), LineaDTO{VERTICAL, 707, null), LineaDTO{VERTICAL, 708, null), LineaDTO{VERTICAL, 709, null), LineaDTO{VERTICAL, 710, null), LineaDTO{VERTICAL, 711, null), LineaDTO{VERTICAL, 712, null), LineaDTO{VERTICAL, 713, null), LineaDTO{VERTICAL, 714, null), LineaDTO{VERTICAL, 715, null), LineaDTO{VERTICAL, 716, null), LineaDTO{VERTICAL, 717, null), LineaDTO{VERTICAL, 718, null), LineaDTO{VERTICAL, 719, null), LineaDTO{VERTICAL, 720, null), LineaDTO{VERTICAL, 721, null), LineaDTO{VERTICAL, 722, null), LineaDTO{VERTICAL, 723, null), LineaDTO{VERTICAL, 724, null), LineaDTO{VERTICAL, 725, null), LineaDTO{VERTICAL, 726, null), LineaDTO{VERTICAL, 727, null), LineaDTO{VERTICAL, 728, null), LineaDTO{VERTICAL, 729, null), LineaDTO{VERTICAL, 730, null), LineaDTO{VERTICAL, 731, null), LineaDTO{VERTICAL, 732, null), LineaDTO{VERTICAL, 733, null), LineaDTO{VERTICAL, 734, null), LineaDTO{VERTICAL, 735, null), LineaDTO{VERTICAL, 736, null), LineaDTO{VERTICAL, 737, null), LineaDTO{VERTICAL, 738, null), LineaDTO{VERTICAL, 739, null), LineaDTO{VERTICAL, 740, null), LineaDTO{VERTICAL, 741, null), LineaDTO{VERTICAL, 742, null), LineaDTO{VERTICAL, 743, null), LineaDTO{VERTICAL, 744, null), LineaDTO{VERTICAL, 745, null), LineaDTO{VERTICAL, 746, null), LineaDTO{VERTICAL, 747, null), LineaDTO{VERTICAL, 748, null), LineaDTO{VERTICAL, 749, null), LineaDTO{VERTICAL, 750, null), LineaDTO{VERTICAL, 751, null), LineaDTO{VERTICAL, 752, null), LineaDTO{VERTICAL, 753, null), LineaDTO{VERTICAL, 754, null), LineaDTO{VERTICAL, 755, null), LineaDTO{VERTICAL, 756, null), LineaDTO{VERTICAL, 757, null), LineaDTO{VERTICAL, 758, null), LineaDTO{VERTICAL, 759, null), LineaDTO{VERTICAL, 760, null), LineaDTO{VERTICAL, 761, null), LineaDTO{VERTICAL, 762, null), LineaDTO{VERTICAL, 763, null), LineaDTO{VERTICAL, 764, null), LineaDTO{VERTICAL, 765, null), LineaDTO{VERTICAL, 766, null), LineaDTO{VERTICAL, 767, null), LineaDTO{VERTICAL, 768, null), LineaDTO{VERTICAL, 769, null), LineaDTO{VERTICAL, 770, null), LineaDTO{VERTICAL, 771, null), LineaDTO{VERTICAL, 772, null), LineaDTO{VERTICAL, 773, null), LineaDTO{VERTICAL, 774, null), LineaDTO{VERTICAL, 775, null), LineaDTO{VERTICAL, 776, null), LineaDTO{VERTICAL, 777, null), LineaDTO{VERTICAL, 778, null), LineaDTO{VERTICAL, 779, null), LineaDTO{VERTICAL, 780, null), LineaDTO{VERTICAL, 781, null), LineaDTO{VERTICAL, 782, null), LineaDTO{VERTICAL, 783, null), LineaDTO{VERTICAL, 784, null), LineaDTO{VERTICAL, 785, null), LineaDTO{VERTICAL, 786, null), LineaDTO{VERTICAL, 787, null), LineaDTO{VERTICAL, 788, null), LineaDTO{VERTICAL, 789, null), LineaDTO{VERTICAL, 790, null), LineaDTO{VERTICAL, 791, null), LineaDTO{VERTICAL, 792, null), LineaDTO{VERTICAL, 793, null), LineaDTO{VERTICAL, 794, null), LineaDTO{VERTICAL, 795, null), LineaDTO{VERTICAL, 796, null), LineaDTO{VERTICAL, 797, null), LineaDTO{VERTICAL, 798, null), LineaDTO{VERTICAL, 799, null), LineaDTO{VERTICAL, 800, null), LineaDTO{VERTICAL, 801, null), LineaDTO{VERTICAL, 802, null), LineaDTO{VERTICAL, 803, null), LineaDTO{VERTICAL, 804, null), LineaDTO{VERTICAL, 805, null), LineaDTO{VERTICAL, 806, null), LineaDTO{VERTICAL, 807, null), LineaDTO{VERTICAL, 808, null), LineaDTO{VERTICAL, 809, null), LineaDTO{VERTICAL, 810, null), LineaDTO{VERTICAL, 811, null), LineaDTO{VERTICAL, 812, null), LineaDTO{VERTICAL, 813, null), LineaDTO{VERTICAL, 814, null), LineaDTO{VERTICAL, 815, null), LineaDTO{VERTICAL, 816, null), LineaDTO{VERTICAL, 817, null), LineaDTO{VERTICAL, 818, null), LineaDTO{VERTICAL, 819, null), LineaDTO{VERTICAL, 820, null), LineaDTO{VERTICAL, 821, null), LineaDTO{VERTICAL, 822, null), LineaDTO{VERTICAL, 823, null), LineaDTO{VERTICAL, 824, null), LineaDTO{VERTICAL, 825, null), LineaDTO{VERTICAL, 826, null), LineaDTO{VERTICAL, 827, null), LineaDTO{VERTICAL, 828, null), LineaDTO{VERTICAL, 829, null), LineaDTO{VERTICAL, 830, null), LineaDTO{VERTICAL, 831, null), LineaDTO{VERTICAL, 832, null), LineaDTO{VERTICAL, 833, null), LineaDTO{VERTICAL, 834, null), LineaDTO{VERTICAL, 835, null), LineaDTO{VERTICAL, 836, null), LineaDTO{VERTICAL, 837, null), LineaDTO{VERTICAL, 838, null), LineaDTO{VERTICAL, 839, null), LineaDTO{VERTICAL, 840, null), LineaDTO{VERTICAL, 841, null), LineaDTO{VERTICAL, 842, null), LineaDTO{VERTICAL, 843, null), LineaDTO{VERTICAL, 844, null), LineaDTO{VERTICAL, 845, null), LineaDTO{VERTICAL, 846, null), LineaDTO{VERTICAL, 847, null), LineaDTO{VERTICAL, 848, null), LineaDTO{VERTICAL, 849, null), LineaDTO{VERTICAL, 850, null), LineaDTO{VERTICAL, 851, null), LineaDTO{VERTICAL, 852, null), LineaDTO{VERTICAL, 853, null), LineaDTO{VERTICAL, 854, null), LineaDTO{VERTICAL, 855, null), LineaDTO{VERTICAL, 856, null), LineaDTO{VERTICAL, 857, null), LineaDTO{VERTICAL, 858, null), LineaDTO{VERTICAL, 859, null), LineaDTO{VERTICAL, 860, null), LineaDTO{VERTICAL, 861, null), LineaDTO{VERTICAL, 862, null), LineaDTO{VERTICAL, 863, null), LineaDTO{VERTICAL, 864, null), LineaDTO{VERTICAL, 865, null), LineaDTO{VERTICAL, 866, null), LineaDTO{VERTICAL, 867, null), LineaDTO{VERTICAL, 868, null), LineaDTO{VERTICAL, 869, null), LineaDTO{VERTICAL, 870, null), LineaDTO{VERTICAL, 871, null), LineaDTO{VERTICAL, 872, null), LineaDTO{VERTICAL, 873, null), LineaDTO{VERTICAL, 874, null), LineaDTO{VERTICAL, 875, null), LineaDTO{VERTICAL, 876, null), LineaDTO{VERTICAL, 877, null), LineaDTO{VERTICAL, 878, null), LineaDTO{VERTICAL, 879, null), LineaDTO{VERTICAL, 880, null), LineaDTO{VERTICAL, 881, null), LineaDTO{VERTICAL, 882, null), LineaDTO{VERTICAL, 883, null), LineaDTO{VERTICAL, 884, null), LineaDTO{VERTICAL, 885, null), LineaDTO{VERTICAL, 886, null), LineaDTO{VERTICAL, 887, null), LineaDTO{VERTICAL, 888, null), LineaDTO{VERTICAL, 889, null), LineaDTO{VERTICAL, 890, null), LineaDTO{VERTICAL, 891, null), LineaDTO{VERTICAL, 892, null), LineaDTO{VERTICAL, 893, null), LineaDTO{VERTICAL, 894, null), LineaDTO{VERTICAL, 895, null), LineaDTO{VERTICAL, 896, null), LineaDTO{VERTICAL, 897, null), LineaDTO{VERTICAL, 898, null), LineaDTO{VERTICAL, 899, null), LineaDTO{VERTICAL, 900, null), LineaDTO{VERTICAL, 901, null), LineaDTO{VERTICAL, 902, null), LineaDTO{VERTICAL, 903, null), LineaDTO{VERTICAL, 904, null), LineaDTO{VERTICAL, 905, null), LineaDTO{VERTICAL, 906, null), LineaDTO{VERTICAL, 907, null), LineaDTO{VERTICAL, 908, null), LineaDTO{VERTICAL, 909, null), LineaDTO{VERTICAL, 910, null), LineaDTO{VERTICAL, 911, null), LineaDTO{VERTICAL, 912, null), LineaDTO{VERTICAL, 913, null), LineaDTO{VERTICAL, 914, null), LineaDTO{VERTICAL, 915, null), LineaDTO{VERTICAL, 916, null), LineaDTO{VERTICAL, 917, null), LineaDTO{VERTICAL, 918, null), LineaDTO{VERTICAL, 919, null), LineaDTO{VERTICAL, 920, null), LineaDTO{VERTICAL, 921, null), LineaDTO{VERTICAL, 922, null), LineaDTO{VERTICAL, 923, null), LineaDTO{VERTICAL, 924, null), LineaDTO{VERTICAL, 925, null), LineaDTO{VERTICAL, 926, null), LineaDTO{VERTICAL, 927, null), LineaDTO{VERTICAL, 928, null), LineaDTO{VERTICAL, 929, null), LineaDTO{VERTICAL, 930, null), LineaDTO{VERTICAL, 931, null), LineaDTO{VERTICAL, 932, null), LineaDTO{VERTICAL, 933, null), LineaDTO{VERTICAL, 934, null), LineaDTO{VERTICAL, 935, null), LineaDTO{VERTICAL, 936, null), LineaDTO{VERTICAL, 937, null), LineaDTO{VERTICAL, 938, null), LineaDTO{VERTICAL, 939, null), LineaDTO{VERTICAL, 940, null), LineaDTO{VERTICAL, 941, null), LineaDTO{VERTICAL, 942, null), LineaDTO{VERTICAL, 943, null), LineaDTO{VERTICAL, 944, null), LineaDTO{VERTICAL, 945, null), LineaDTO{VERTICAL, 946, null), LineaDTO{VERTICAL, 947, null), LineaDTO{VERTICAL, 948, null), LineaDTO{VERTICAL, 949, null), LineaDTO{VERTICAL, 950, null), LineaDTO{VERTICAL, 951, null), LineaDTO{VERTICAL, 952, null), LineaDTO{VERTICAL, 953, null), LineaDTO{VERTICAL, 954, null), LineaDTO{VERTICAL, 955, null), LineaDTO{VERTICAL, 956, null), LineaDTO{VERTICAL, 957, null), LineaDTO{VERTICAL, 958, null), LineaDTO{VERTICAL, 959, null), LineaDTO{VERTICAL, 960, null), LineaDTO{VERTICAL, 961, null), LineaDTO{VERTICAL, 962, null), LineaDTO{VERTICAL, 963, null), LineaDTO{VERTICAL, 964, null), LineaDTO{VERTICAL, 965, null), LineaDTO{VERTICAL, 966, null), LineaDTO{VERTICAL, 967, null), LineaDTO{VERTICAL, 968, null), LineaDTO{VERTICAL, 969, null), LineaDTO{VERTICAL, 970, null), LineaDTO{VERTICAL, 971, null), LineaDTO{VERTICAL, 972, null), LineaDTO{VERTICAL, 973, null), LineaDTO{VERTICAL, 974, null), LineaDTO{VERTICAL, 975, null), LineaDTO{VERTICAL, 976, null), LineaDTO{VERTICAL, 977, null), LineaDTO{VERTICAL, 978, null), LineaDTO{VERTICAL, 979, null), LineaDTO{VERTICAL, 980, null), LineaDTO{VERTICAL, 981, null), LineaDTO{VERTICAL, 982, null), LineaDTO{VERTICAL, 983, null), LineaDTO{VERTICAL, 984, null), LineaDTO{VERTICAL, 985, null), LineaDTO{VERTICAL, 986, null), LineaDTO{VERTICAL, 987, null), LineaDTO{VERTICAL, 988, null), LineaDTO{VERTICAL, 989, null), LineaDTO{VERTICAL, 990, null), LineaDTO{VERTICAL, 991, null), LineaDTO{VERTICAL, 992, null), LineaDTO{VERTICAL, 993, null), LineaDTO{VERTICAL, 994, null), LineaDTO{VERTICAL, 995, null), LineaDTO{VERTICAL, 996, null), LineaDTO{VERTICAL, 997, null), LineaDTO{VERTICAL, 998, null), LineaDTO{VERTICAL, 999, null), LineaDTO{VERTICAL, 1000, null), LineaDTO{VERTICAL, 1001, null), LineaDTO{VERTICAL, 1002, null), LineaDTO{VERTICAL, 1003, null), LineaDTO{VERTICAL, 1004, null), LineaDTO{VERTICAL, 1005, null), LineaDTO{VERTICAL, 1006, null), LineaDTO{VERTICAL, 1007, null), LineaDTO{VERTICAL, 1008, null), LineaDTO{VERTICAL, 1009, null), LineaDTO{VERTICAL, 1010, null), LineaDTO{VERTICAL, 1011, null), LineaDTO{VERTICAL, 1012, null), LineaDTO{VERTICAL, 1013, null), LineaDTO{VERTICAL, 1014, null), LineaDTO{VERTICAL, 1015, null), LineaDTO{VERTICAL, 1016, null), LineaDTO{VERTICAL, 1017, null), LineaDTO{VERTICAL, 1018, null), LineaDTO{VERTICAL, 1019, null), LineaDTO{VERTICAL, 1020, null), LineaDTO{VERTICAL, 1021, null), LineaDTO{VERTICAL, 1022, null), LineaDTO{VERTICAL, 1023, null), LineaDTO{VERTICAL, 1024, null), LineaDTO{VERTICAL, 1025, null), LineaDTO{VERTICAL, 1026, null), LineaDTO{VERTICAL, 1027, null), LineaDTO{VERTICAL, 1028, null), LineaDTO{VERTICAL, 1029, null), LineaDTO{VERTICAL, 1030, null), LineaDTO{VERTICAL, 1031, null), LineaDTO{VERTICAL, 1032, null), LineaDTO{VERTICAL, 1033, null), LineaDTO{VERTICAL, 1034, null), LineaDTO{VERTICAL, 1035, null), LineaDTO{VERTICAL, 1036, null), LineaDTO{VERTICAL, 1037, null), LineaDTO{VERTICAL, 1038, null), LineaDTO{VERTICAL, 1039, null), LineaDTO{VERTICAL, 1040, null), LineaDTO{VERTICAL, 1041, null), LineaDTO{VERTICAL, 1042, null), LineaDTO{VERTICAL, 1043, null), LineaDTO{VERTICAL, 1044, null), LineaDTO{VERTICAL, 1045, null), LineaDTO{VERTICAL, 1046, null), LineaDTO{VERTICAL, 1047, null), LineaDTO{VERTICAL, 1048, null), LineaDTO{VERTICAL, 1049, null), LineaDTO{VERTICAL, 1050, null), LineaDTO{VERTICAL, 1051, null), LineaDTO{VERTICAL, 1052, null), LineaDTO{VERTICAL, 1053, null), LineaDTO{VERTICAL, 1054, null), LineaDTO{VERTICAL, 1055, null), LineaDTO{VERTICAL, 1056, null), LineaDTO{VERTICAL, 1057, null), LineaDTO{VERTICAL, 1058, null), LineaDTO{VERTICAL, 1059, null), LineaDTO{VERTICAL, 1060, null), LineaDTO{VERTICAL, 1061, null), LineaDTO{VERTICAL, 1062, null), LineaDTO{VERTICAL, 1063, null), LineaDTO{VERTICAL, 1064, null), LineaDTO{VERTICAL, 1065, null), LineaDTO{VERTICAL, 1066, null), LineaDTO{VERTICAL, 1067, null), LineaDTO{VERTICAL, 1068, null), LineaDTO{VERTICAL, 1069, null), LineaDTO{VERTICAL, 1070, null), LineaDTO{VERTICAL, 1071, null), LineaDTO{VERTICAL, 1072, null), LineaDTO{VERTICAL, 1073, null), LineaDTO{VERTICAL, 1074, null), LineaDTO{VERTICAL, 1075, null), LineaDTO{VERTICAL, 1076, null), LineaDTO{VERTICAL, 1077, null), LineaDTO{VERTICAL, 1078, null), LineaDTO{VERTICAL, 1079, null), LineaDTO{VERTICAL, 1080, null), LineaDTO{VERTICAL, 1081, null), LineaDTO{VERTICAL, 1082, null), LineaDTO{VERTICAL, 1083, null), LineaDTO{VERTICAL, 1084, null), LineaDTO{VERTICAL, 1085, null), LineaDTO{VERTICAL, 1086, null), LineaDTO{VERTICAL, 1087, null), LineaDTO{VERTICAL, 1088, null), LineaDTO{VERTICAL, 1089, null), LineaDTO{VERTICAL, 1090, null), LineaDTO{VERTICAL, 1091, null), LineaDTO{VERTICAL, 1092, null), LineaDTO{VERTICAL, 1093, null), LineaDTO{VERTICAL, 1094, null), LineaDTO{VERTICAL, 1095, null), LineaDTO{VERTICAL, 1096, null), LineaDTO{VERTICAL, 1097, null), LineaDTO{VERTICAL, 1098, null), LineaDTO{VERTICAL, 1099, null), LineaDTO{VERTICAL, 1100, null), LineaDTO{VERTICAL, 1101, null), LineaDTO{VERTICAL, 1102, null), LineaDTO{VERTICAL, 1103, null), LineaDTO{VERTICAL, 1104, null), LineaDTO{VERTICAL, 1105, null), LineaDTO{VERTICAL, 1106, null), LineaDTO{VERTICAL, 1107, null), LineaDTO{VERTICAL, 1108, null), LineaDTO{VERTICAL, 1109, null), LineaDTO{VERTICAL, 1110, null), LineaDTO{VERTICAL, 1111, null), LineaDTO{VERTICAL, 1112, null), LineaDTO{VERTICAL, 1113, null), LineaDTO{VERTICAL, 1114, null), LineaDTO{VERTICAL, 1115, null), LineaDTO{VERTICAL, 1116, null), LineaDTO{VERTICAL, 1117, null), LineaDTO{VERTICAL, 1118, null), LineaDTO{VERTICAL, 1119, null), LineaDTO{VERTICAL, 1120, null), LineaDTO{VERTICAL, 1121, null), LineaDTO{VERTICAL, 1122, null), LineaDTO{VERTICAL, 1123, null), LineaDTO{VERTICAL, 1124, null), LineaDTO{VERTICAL, 1125, null), LineaDTO{VERTICAL, 1126, null), LineaDTO{VERTICAL, 1127, null), LineaDTO{VERTICAL, 1128, null), LineaDTO{VERTICAL, 1129, null), LineaDTO{VERTICAL, 1130, null), LineaDTO{VERTICAL, 1131, null), LineaDTO{VERTICAL, 1132, null), LineaDTO{VERTICAL, 1133, null), LineaDTO{VERTICAL, 1134, null), LineaDTO{VERTICAL, 1135, null), LineaDTO{VERTICAL, 1136, null), LineaDTO{VERTICAL, 1137, null), LineaDTO{VERTICAL, 1138, null), LineaDTO{VERTICAL, 1139, null), LineaDTO{VERTICAL, 1140, null), LineaDTO{VERTICAL, 1141, null), LineaDTO{VERTICAL, 1142, null), LineaDTO{VERTICAL, 1143, null), LineaDTO{VERTICAL, 1144, null), LineaDTO{VERTICAL, 1145, null), LineaDTO{VERTICAL, 1146, null), LineaDTO{VERTICAL, 1147, null), LineaDTO{VERTICAL, 1148, null), LineaDTO{VERTICAL, 1149, null), LineaDTO{VERTICAL, 1150, null), LineaDTO{VERTICAL, 1151, null), LineaDTO{VERTICAL, 1152, null), LineaDTO{VERTICAL, 1153, null), LineaDTO{VERTICAL, 1154, null), LineaDTO{VERTICAL, 1155, null), LineaDTO{VERTICAL, 1156, null), LineaDTO{VERTICAL, 1157, null), LineaDTO{VERTICAL, 1158, null), LineaDTO{VERTICAL, 1159, null), LineaDTO{VERTICAL, 1160, null), LineaDTO{VERTICAL, 1161, null), LineaDTO{VERTICAL, 1162, null), LineaDTO{VERTICAL, 1163, null), LineaDTO{VERTICAL, 1164, null), LineaDTO{VERTICAL, 1165, null), LineaDTO{VERTICAL, 1166, null), LineaDTO{VERTICAL, 1167, null), LineaDTO{VERTICAL, 1168, null), LineaDTO{VERTICAL, 1169, null), LineaDTO{VERTICAL, 1170, null), LineaDTO{VERTICAL, 1171, null), LineaDTO{VERTICAL, 1172, null), LineaDTO{VERTICAL, 1173, null), LineaDTO{VERTICAL, 1174, null), LineaDTO{VERTICAL, 1175, null), LineaDTO{VERTICAL, 1176, null), LineaDTO{VERTICAL, 1177, null), LineaDTO{VERTICAL, 1178, null), LineaDTO{VERTICAL, 1179, null), LineaDTO{VERTICAL, 1180, null), LineaDTO{VERTICAL, 1181, null), LineaDTO{VERTICAL, 1182, null), LineaDTO{VERTICAL, 1183, null), LineaDTO{VERTICAL, 1184, null), LineaDTO{VERTICAL, 1185, null), LineaDTO{VERTICAL, 1186, null), LineaDTO{VERTICAL, 1187, null), LineaDTO{VERTICAL, 1188, null), LineaDTO{VERTICAL, 1189, null), LineaDTO{VERTICAL, 1190, null), LineaDTO{VERTICAL, 1191, null), LineaDTO{VERTICAL, 1192, null), LineaDTO{VERTICAL, 1193, null), LineaDTO{VERTICAL, 1194, null), LineaDTO{VERTICAL, 1195, null), LineaDTO{VERTICAL, 1196, null), LineaDTO{VERTICAL, 1197, null), LineaDTO{VERTICAL, 1198, null), LineaDTO{VERTICAL, 1199, null), LineaDTO{VERTICAL, 1200, null), LineaDTO{VERTICAL, 1201, null), LineaDTO{VERTICAL, 1202, null), LineaDTO{VERTICAL, 1203, null), LineaDTO{VERTICAL, 1204, null), LineaDTO{VERTICAL, 1205, null), LineaDTO{VERTICAL, 1206, null), LineaDTO{VERTICAL, 1207, null), LineaDTO{VERTICAL, 1208, null), LineaDTO{VERTICAL, 1209, null), LineaDTO{VERTICAL, 1210, null), LineaDTO{VERTICAL, 1211, null), LineaDTO{VERTICAL, 1212, null), LineaDTO{VERTICAL, 1213, null), LineaDTO{VERTICAL, 1214, null), LineaDTO{VERTICAL, 1215, null), LineaDTO{VERTICAL, 1216, null), LineaDTO{VERTICAL, 1217, null), LineaDTO{VERTICAL, 1218, null), LineaDTO{VERTICAL, 1219, null), LineaDTO{VERTICAL, 1220, null), LineaDTO{VERTICAL, 1221, null), LineaDTO{VERTICAL, 1222, null), LineaDTO{VERTICAL, 1223, null), LineaDTO{VERTICAL, 1224, null), LineaDTO{VERTICAL, 1225, null), LineaDTO{VERTICAL, 1226, null), LineaDTO{VERTICAL, 1227, null), LineaDTO{VERTICAL, 1228, null), LineaDTO{VERTICAL, 1229, null), LineaDTO{VERTICAL, 1230, null), LineaDTO{VERTICAL, 1231, null), LineaDTO{VERTICAL, 1232, null), LineaDTO{VERTICAL, 1233, null), LineaDTO{VERTICAL, 1234, null), LineaDTO{VERTICAL, 1235, null), LineaDTO{VERTICAL, 1236, null), LineaDTO{VERTICAL, 1237, null), LineaDTO{VERTICAL, 1238, null), LineaDTO{VERTICAL, 1239, null), LineaDTO{VERTICAL, 1240, null), LineaDTO{VERTICAL, 1241, null), LineaDTO{VERTICAL, 1242, null), LineaDTO{VERTICAL, 1243, null), LineaDTO{VERTICAL, 1244, null), LineaDTO{VERTICAL, 1245, null), LineaDTO{VERTICAL, 1246, null), LineaDTO{VERTICAL, 1247, null), LineaDTO{VERTICAL, 1248, null), LineaDTO{VERTICAL, 1249, null), LineaDTO{VERTICAL, 1250, null), LineaDTO{VERTICAL, 1251, null), LineaDTO{VERTICAL, 1252, null), LineaDTO{VERTICAL, 1253, null), LineaDTO{VERTICAL, 1254, null), LineaDTO{VERTICAL, 1255, null), LineaDTO{VERTICAL, 1256, null), LineaDTO{VERTICAL, 1257, null), LineaDTO{VERTICAL, 1258, null), LineaDTO{VERTICAL, 1259, null), LineaDTO{VERTICAL, 1260, null), LineaDTO{VERTICAL, 1261, null), LineaDTO{VERTICAL, 1262, null), LineaDTO{VERTICAL, 1263, null), LineaDTO{VERTICAL, 1264, null), LineaDTO{VERTICAL, 1265, null), LineaDTO{VERTICAL, 1266, null), LineaDTO{VERTICAL, 1267, null), LineaDTO{VERTICAL, 1268, null), LineaDTO{VERTICAL, 1269, null), LineaDTO{VERTICAL, 1270, null), LineaDTO{VERTICAL, 1271, null), LineaDTO{VERTICAL, 1272, null), LineaDTO{VERTICAL, 1273, null), LineaDTO{VERTICAL, 1274, null), LineaDTO{VERTICAL, 1275, null), LineaDTO{VERTICAL, 1276, null), LineaDTO{VERTICAL, 1277, null), LineaDTO{VERTICAL, 1278, null), LineaDTO{VERTICAL, 1279, null), LineaDTO{VERTICAL, 1280, null), LineaDTO{VERTICAL, 1281, null), LineaDTO{VERTICAL, 1282, null), LineaDTO{VERTICAL, 1283, null), LineaDTO{VERTICAL, 1284, null), LineaDTO{VERTICAL, 1285, null), LineaDTO{VERTICAL, 1286, null), LineaDTO{VERTICAL, 1287, null), LineaDTO{VERTICAL, 1288, null), LineaDTO{VERTICAL, 1289, null), LineaDTO{VERTICAL, 1290, null), LineaDTO{VERTICAL, 1291, null), LineaDTO{VERTICAL, 1292, null), LineaDTO{VERTICAL, 1293, null), LineaDTO{VERTICAL, 1294, null), LineaDTO{VERTICAL, 1295, null), LineaDTO{VERTICAL, 1296, null), LineaDTO{VERTICAL, 1297, null), LineaDTO{VERTICAL, 1298, null), LineaDTO{VERTICAL, 1299, null), LineaDTO{VERTICAL, 1300, null), LineaDTO{VERTICAL, 1301, null), LineaDTO{VERTICAL, 1302, null), LineaDTO{VERTICAL, 1303, null), LineaDTO{VERTICAL, 1304, null), LineaDTO{VERTICAL, 1305, null), LineaDTO{VERTICAL, 1306, null), LineaDTO{VERTICAL, 1307, null), LineaDTO{VERTICAL, 1308, null), LineaDTO{VERTICAL, 1309, null), LineaDTO{VERTICAL, 1310, null), LineaDTO{VERTICAL, 1311, null), LineaDTO{VERTICAL, 1312, null), LineaDTO{VERTICAL, 1313, null), LineaDTO{VERTICAL, 1314, null), LineaDTO{VERTICAL, 1315, null), LineaDTO{VERTICAL, 1316, null), LineaDTO{VERTICAL, 1317, null), LineaDTO{VERTICAL, 1318, null), LineaDTO{VERTICAL, 1319, null), LineaDTO{VERTICAL, 1320, null), LineaDTO{VERTICAL, 1321, null), LineaDTO{VERTICAL, 1322, null), LineaDTO{VERTICAL, 1323, null), LineaDTO{VERTICAL, 1324, null), LineaDTO{VERTICAL, 1325, null), LineaDTO{VERTICAL, 1326, null), LineaDTO{VERTICAL, 1327, null), LineaDTO{VERTICAL, 1328, null), LineaDTO{VERTICAL, 1329, null), LineaDTO{VERTICAL, 1330, null), LineaDTO{VERTICAL, 1331, null), LineaDTO{VERTICAL, 1332, null), LineaDTO{VERTICAL, 1333, null), LineaDTO{VERTICAL, 1334, null), LineaDTO{VERTICAL, 1335, null), LineaDTO{VERTICAL, 1336, null), LineaDTO{VERTICAL, 1337, null), LineaDTO{VERTICAL, 1338, null), LineaDTO{VERTICAL, 1339, null), LineaDTO{VERTICAL, 1340, null), LineaDTO{VERTICAL, 1341, null), LineaDTO{VERTICAL, 1342, null), LineaDTO{VERTICAL, 1343, null), LineaDTO{VERTICAL, 1344, null), LineaDTO{VERTICAL, 1345, null), LineaDTO{VERTICAL, 1346, null), LineaDTO{VERTICAL, 1347, null), LineaDTO{VERTICAL, 1348, null), LineaDTO{VERTICAL, 1349, null), LineaDTO{VERTICAL, 1350, null), LineaDTO{VERTICAL, 1351, null), LineaDTO{VERTICAL, 1352, null), LineaDTO{VERTICAL, 1353, null), LineaDTO{VERTICAL, 1354, null), LineaDTO{VERTICAL, 1355, null), LineaDTO{VERTICAL, 1356, null), LineaDTO{VERTICAL, 1357, null), LineaDTO{VERTICAL, 1358, null), LineaDTO{VERTICAL, 1359, null), LineaDTO{VERTICAL, 1360, null), LineaDTO{VERTICAL, 1361, null), LineaDTO{VERTICAL, 1362, null), LineaDTO{VERTICAL, 1363, null), LineaDTO{VERTICAL, 1364, null), LineaDTO{VERTICAL, 1365, null), LineaDTO{VERTICAL, 1366, null), LineaDTO{VERTICAL, 1367, null), LineaDTO{VERTICAL, 1368, null), LineaDTO{VERTICAL, 1369, null), LineaDTO{VERTICAL, 1370, null), LineaDTO{VERTICAL, 1371, null), LineaDTO{VERTICAL, 1372, null), LineaDTO{VERTICAL, 1373, null), LineaDTO{VERTICAL, 1374, null), LineaDTO{VERTICAL, 1375, null), LineaDTO{VERTICAL, 1376, null), LineaDTO{VERTICAL, 1377, null), LineaDTO{VERTICAL, 1378, null), LineaDTO{VERTICAL, 1379, null), LineaDTO{VERTICAL, 1380, null), LineaDTO{VERTICAL, 1381, null), LineaDTO{VERTICAL, 1382, null), LineaDTO{VERTICAL, 1383, null), LineaDTO{VERTICAL, 1384, null), LineaDTO{VERTICAL, 1385, null), LineaDTO{VERTICAL, 1386, null), LineaDTO{VERTICAL, 1387, null), LineaDTO{VERTICAL, 1388, null), LineaDTO{VERTICAL, 1389, null), LineaDTO{VERTICAL, 1390, null), LineaDTO{VERTICAL, 1391, null), LineaDTO{VERTICAL, 1392, null), LineaDTO{VERTICAL, 1393, null), LineaDTO{VERTICAL, 1394, null), LineaDTO{VERTICAL, 1395, null), LineaDTO{VERTICAL, 1396, null), LineaDTO{VERTICAL, 1397, null), LineaDTO{VERTICAL, 1398, null), LineaDTO{VERTICAL, 1399, null), LineaDTO{VERTICAL, 1400, null), LineaDTO{VERTICAL, 1401, null), LineaDTO{VERTICAL, 1402, null), LineaDTO{VERTICAL, 1403, null), LineaDTO{VERTICAL, 1404, null), LineaDTO{VERTICAL, 1405, null), LineaDTO{VERTICAL, 1406, null), LineaDTO{VERTICAL, 1407, null), LineaDTO{VERTICAL, 1408, null), LineaDTO{VERTICAL, 1409, null), LineaDTO{VERTICAL, 1410, null), LineaDTO{VERTICAL, 1411, null), LineaDTO{VERTICAL, 1412, null), LineaDTO{VERTICAL, 1413, null), LineaDTO{VERTICAL, 1414, null), LineaDTO{VERTICAL, 1415, null), LineaDTO{VERTICAL, 1416, null), LineaDTO{VERTICAL, 1417, null), LineaDTO{VERTICAL, 1418, null), LineaDTO{VERTICAL, 1419, null), LineaDTO{VERTICAL, 1420, null), LineaDTO{VERTICAL, 1421, null), LineaDTO{VERTICAL, 1422, null), LineaDTO{VERTICAL, 1423, null), LineaDTO{VERTICAL, 1424, null), LineaDTO{VERTICAL, 1425, null), LineaDTO{VERTICAL, 1426, null), LineaDTO{VERTICAL, 1427, null), LineaDTO{VERTICAL, 1428, null), LineaDTO{VERTICAL, 1429, null), LineaDTO{VERTICAL, 1430, null), LineaDTO{VERTICAL, 1431, null), LineaDTO{VERTICAL, 1432, null), LineaDTO{VERTICAL, 1433, null), LineaDTO{VERTICAL, 1434, null), LineaDTO{VERTICAL, 1435, null), LineaDTO{VERTICAL, 1436, null), LineaDTO{VERTICAL, 1437, null), LineaDTO{VERTICAL, 1438, null), LineaDTO{VERTICAL, 1439, null), LineaDTO{VERTICAL, 1440, null), LineaDTO{VERTICAL, 1441, null), LineaDTO{VERTICAL, 1442, null), LineaDTO{VERTICAL, 1443, null), LineaDTO{VERTICAL, 1444, null), LineaDTO{VERTICAL, 1445, null), LineaDTO{VERTICAL, 1446, null), LineaDTO{VERTICAL, 1447, null), LineaDTO{VERTICAL, 1448, null), LineaDTO{VERTICAL, 1449, null), LineaDTO{VERTICAL, 1450, null), LineaDTO{VERTICAL, 1451, null), LineaDTO{VERTICAL, 1452, null), LineaDTO{VERTICAL, 1453, null), LineaDTO{VERTICAL, 1454, null), LineaDTO{VERTICAL, 1455, null), LineaDTO{VERTICAL, 1456, null), LineaDTO{VERTICAL, 1457, null), LineaDTO{VERTICAL, 1458, null), LineaDTO{VERTICAL, 1459, null), LineaDTO{VERTICAL, 1460, null), LineaDTO{VERTICAL, 1461, null), LineaDTO{VERTICAL, 1462, null), LineaDTO{VERTICAL, 1463, null), LineaDTO{VERTICAL, 1464, null), LineaDTO{VERTICAL, 1465, null), LineaDTO{VERTICAL, 1466, null), LineaDTO{VERTICAL, 1467, null), LineaDTO{VERTICAL, 1468, null), LineaDTO{VERTICAL, 1469, null), LineaDTO{VERTICAL, 1470, null), LineaDTO{VERTICAL, 1471, null), LineaDTO{VERTICAL, 1472, null), LineaDTO{VERTICAL, 1473, null), LineaDTO{VERTICAL, 1474, null), LineaDTO{VERTICAL, 1475, null), LineaDTO{VERTICAL, 1476, null), LineaDTO{VERTICAL, 1477, null), LineaDTO{VERTICAL, 1478, null), LineaDTO{VERTICAL, 1479, null), LineaDTO{VERTICAL, 1480, null), LineaDTO{VERTICAL, 1481, null), LineaDTO{VERTICAL, 1482, null), LineaDTO{VERTICAL, 1483, null), LineaDTO{VERTICAL, 1484, null), LineaDTO{VERTICAL, 1485, null), LineaDTO{VERTICAL, 1486, null), LineaDTO{VERTICAL, 1487, null), LineaDTO{VERTICAL, 1488, null), LineaDTO{VERTICAL, 1489, null), LineaDTO{VERTICAL, 1490, null), LineaDTO{VERTICAL, 1491, null), LineaDTO{VERTICAL, 1492, null), LineaDTO{VERTICAL, 1493, null), LineaDTO{VERTICAL, 1494, null), LineaDTO{VERTICAL, 1495, null), LineaDTO{VERTICAL, 1496, null), LineaDTO{VERTICAL, 1497, null), LineaDTO{VERTICAL, 1498, null), LineaDTO{VERTICAL, 1499, null), LineaDTO{VERTICAL, 1500, null), LineaDTO{VERTICAL, 1501, null), LineaDTO{VERTICAL, 1502, null), LineaDTO{VERTICAL, 1503, null), LineaDTO{VERTICAL, 1504, null), LineaDTO{VERTICAL, 1505, null), LineaDTO{VERTICAL, 1506, null), LineaDTO{VERTICAL, 1507, null), LineaDTO{VERTICAL, 1508, null), LineaDTO{VERTICAL, 1509, null), LineaDTO{VERTICAL, 1510, null), LineaDTO{VERTICAL, 1511, null), LineaDTO{VERTICAL, 1512, null), LineaDTO{VERTICAL, 1513, null), LineaDTO{VERTICAL, 1514, null), LineaDTO{VERTICAL, 1515, null), LineaDTO{VERTICAL, 1516, null), LineaDTO{VERTICAL, 1517, null), LineaDTO{VERTICAL, 1518, null), LineaDTO{VERTICAL, 1519, null), LineaDTO{VERTICAL, 1520, null), LineaDTO{VERTICAL, 1521, null), LineaDTO{VERTICAL, 1522, null), LineaDTO{VERTICAL, 1523, null), LineaDTO{VERTICAL, 1524, null), LineaDTO{VERTICAL, 1525, null), LineaDTO{VERTICAL, 1526, null), LineaDTO{VERTICAL, 1527, null), LineaDTO{VERTICAL, 1528, null), LineaDTO{VERTICAL, 1529, null), LineaDTO{VERTICAL, 1530, null), LineaDTO{VERTICAL, 1531, null), LineaDTO{VERTICAL, 1532, null), LineaDTO{VERTICAL, 1533, null), LineaDTO{VERTICAL, 1534, null), LineaDTO{VERTICAL, 1535, null), LineaDTO{VERTICAL, 1536, null), LineaDTO{VERTICAL, 1537, null), LineaDTO{VERTICAL, 1538, null), LineaDTO{VERTICAL, 1539, null), LineaDTO{VERTICAL, 1540, null), LineaDTO{VERTICAL, 1541, null), LineaDTO{VERTICAL, 1542, null), LineaDTO{VERTICAL, 1543, null), LineaDTO{VERTICAL, 1544, null), LineaDTO{VERTICAL, 1545, null), LineaDTO{VERTICAL, 1546, null), LineaDTO{VERTICAL, 1547, null), LineaDTO{VERTICAL, 1548, null), LineaDTO{VERTICAL, 1549, null), LineaDTO{VERTICAL, 1550, null), LineaDTO{VERTICAL, 1551, null), LineaDTO{VERTICAL, 1552, null), LineaDTO{VERTICAL, 1553, null), LineaDTO{VERTICAL, 1554, null), LineaDTO{VERTICAL, 1555, null), LineaDTO{VERTICAL, 1556, null), LineaDTO{VERTICAL, 1557, null), LineaDTO{VERTICAL, 1558, null), LineaDTO{VERTICAL, 1559, null)], horizontales [LineaDTO{HORIZONTAL, 0, null), LineaDTO{HORIZONTAL, 1, null), LineaDTO{HORIZONTAL, 2, null), LineaDTO{HORIZONTAL, 3, null), LineaDTO{HORIZONTAL, 4, null), LineaDTO{HORIZONTAL, 5, null), LineaDTO{HORIZONTAL, 6, null), LineaDTO{HORIZONTAL, 7, null), LineaDTO{HORIZONTAL, 8, null), LineaDTO{HORIZONTAL, 9, null), LineaDTO{HORIZONTAL, 10, null), LineaDTO{HORIZONTAL, 11, null), LineaDTO{HORIZONTAL, 12, null), LineaDTO{HORIZONTAL, 13, null), LineaDTO{HORIZONTAL, 14, null), LineaDTO{HORIZONTAL, 15, null), LineaDTO{HORIZONTAL, 16, null), LineaDTO{HORIZONTAL, 17, null), LineaDTO{HORIZONTAL, 18, null), LineaDTO{HORIZONTAL, 19, null), LineaDTO{HORIZONTAL, 20, null), LineaDTO{HORIZONTAL, 21, null), LineaDTO{HORIZONTAL, 22, null), LineaDTO{HORIZONTAL, 23, null), LineaDTO{HORIZONTAL, 24, null), LineaDTO{HORIZONTAL, 25, null), LineaDTO{HORIZONTAL, 26, null), LineaDTO{HORIZONTAL, 27, null), LineaDTO{HORIZONTAL, 28, null), LineaDTO{HORIZONTAL, 29, null), LineaDTO{HORIZONTAL, 30, null), LineaDTO{HORIZONTAL, 31, null), LineaDTO{HORIZONTAL, 32, null), LineaDTO{HORIZONTAL, 33, null), LineaDTO{HORIZONTAL, 34, null), LineaDTO{HORIZONTAL, 35, null), LineaDTO{HORIZONTAL, 36, null), LineaDTO{HORIZONTAL, 37, null), LineaDTO{HORIZONTAL, 38, null), LineaDTO{HORIZONTAL, 39, null), LineaDTO{HORIZONTAL, 40, null), LineaDTO{HORIZONTAL, 41, null), LineaDTO{HORIZONTAL, 42, null), LineaDTO{HORIZONTAL, 43, null), LineaDTO{HORIZONTAL, 44, null), LineaDTO{HORIZONTAL, 45, null), LineaDTO{HORIZONTAL, 46, null), LineaDTO{HORIZONTAL, 47, null), LineaDTO{HORIZONTAL, 48, null), LineaDTO{HORIZONTAL, 49, null), LineaDTO{HORIZONTAL, 50, null), LineaDTO{HORIZONTAL, 51, null), LineaDTO{HORIZONTAL, 52, null), LineaDTO{HORIZONTAL, 53, null), LineaDTO{HORIZONTAL, 54, null), LineaDTO{HORIZONTAL, 55, null), LineaDTO{HORIZONTAL, 56, null), LineaDTO{HORIZONTAL, 57, null), LineaDTO{HORIZONTAL, 58, null), LineaDTO{HORIZONTAL, 59, null), LineaDTO{HORIZONTAL, 60, null), LineaDTO{HORIZONTAL, 61, null), LineaDTO{HORIZONTAL, 62, null), LineaDTO{HORIZONTAL, 63, null), LineaDTO{HORIZONTAL, 64, null), LineaDTO{HORIZONTAL, 65, null), LineaDTO{HORIZONTAL, 66, null), LineaDTO{HORIZONTAL, 67, null), LineaDTO{HORIZONTAL, 68, null), LineaDTO{HORIZONTAL, 69, null), LineaDTO{HORIZONTAL, 70, null), LineaDTO{HORIZONTAL, 71, null), LineaDTO{HORIZONTAL, 72, null), LineaDTO{HORIZONTAL, 73, null), LineaDTO{HORIZONTAL, 74, null), LineaDTO{HORIZONTAL, 75, null), LineaDTO{HORIZONTAL, 76, null), LineaDTO{HORIZONTAL, 77, null), LineaDTO{HORIZONTAL, 78, null), LineaDTO{HORIZONTAL, 79, null), LineaDTO{HORIZONTAL, 80, null), LineaDTO{HORIZONTAL, 81, null), LineaDTO{HORIZONTAL, 82, null), LineaDTO{HORIZONTAL, 83, null), LineaDTO{HORIZONTAL, 84, null), LineaDTO{HORIZONTAL, 85, null), LineaDTO{HORIZONTAL, 86, null), LineaDTO{HORIZONTAL, 87, null), LineaDTO{HORIZONTAL, 88, null), LineaDTO{HORIZONTAL, 89, null), LineaDTO{HORIZONTAL, 90, null), LineaDTO{HORIZONTAL, 91, null), LineaDTO{HORIZONTAL, 92, null), LineaDTO{HORIZONTAL, 93, null), LineaDTO{HORIZONTAL, 94, null), LineaDTO{HORIZONTAL, 95, null), LineaDTO{HORIZONTAL, 96, null), LineaDTO{HORIZONTAL, 97, null), LineaDTO{HORIZONTAL, 98, null), LineaDTO{HORIZONTAL, 99, null), LineaDTO{HORIZONTAL, 100, null), LineaDTO{HORIZONTAL, 101, null), LineaDTO{HORIZONTAL, 102, null), LineaDTO{HORIZONTAL, 103, null), LineaDTO{HORIZONTAL, 104, null), LineaDTO{HORIZONTAL, 105, null), LineaDTO{HORIZONTAL, 106, null), LineaDTO{HORIZONTAL, 107, null), LineaDTO{HORIZONTAL, 108, null), LineaDTO{HORIZONTAL, 109, null), LineaDTO{HORIZONTAL, 110, null), LineaDTO{HORIZONTAL, 111, null), LineaDTO{HORIZONTAL, 112, null), LineaDTO{HORIZONTAL, 113, null), LineaDTO{HORIZONTAL, 114, null), LineaDTO{HORIZONTAL, 115, null), LineaDTO{HORIZONTAL, 116, null), LineaDTO{HORIZONTAL, 117, null), LineaDTO{HORIZONTAL, 118, null), LineaDTO{HORIZONTAL, 119, null), LineaDTO{HORIZONTAL, 120, null), LineaDTO{HORIZONTAL, 121, null), LineaDTO{HORIZONTAL, 122, null), LineaDTO{HORIZONTAL, 123, null), LineaDTO{HORIZONTAL, 124, null), LineaDTO{HORIZONTAL, 125, null), LineaDTO{HORIZONTAL, 126, null), LineaDTO{HORIZONTAL, 127, null), LineaDTO{HORIZONTAL, 128, null), LineaDTO{HORIZONTAL, 129, null), LineaDTO{HORIZONTAL, 130, null), LineaDTO{HORIZONTAL, 131, null), LineaDTO{HORIZONTAL, 132, null), LineaDTO{HORIZONTAL, 133, null), LineaDTO{HORIZONTAL, 134, null), LineaDTO{HORIZONTAL, 135, null), LineaDTO{HORIZONTAL, 136, null), LineaDTO{HORIZONTAL, 137, null), LineaDTO{HORIZONTAL, 138, null), LineaDTO{HORIZONTAL, 139, null), LineaDTO{HORIZONTAL, 140, null), LineaDTO{HORIZONTAL, 141, null), LineaDTO{HORIZONTAL, 142, null), LineaDTO{HORIZONTAL, 143, null), LineaDTO{HORIZONTAL, 144, null), LineaDTO{HORIZONTAL, 145, null), LineaDTO{HORIZONTAL, 146, null), LineaDTO{HORIZONTAL, 147, null), LineaDTO{HORIZONTAL, 148, null), LineaDTO{HORIZONTAL, 149, null), LineaDTO{HORIZONTAL, 150, null), LineaDTO{HORIZONTAL, 151, null), LineaDTO{HORIZONTAL, 152, null), LineaDTO{HORIZONTAL, 153, null), LineaDTO{HORIZONTAL, 154, null), LineaDTO{HORIZONTAL, 155, null), LineaDTO{HORIZONTAL, 156, null), LineaDTO{HORIZONTAL, 157, null), LineaDTO{HORIZONTAL, 158, null), LineaDTO{HORIZONTAL, 159, null), LineaDTO{HORIZONTAL, 160, null), LineaDTO{HORIZONTAL, 161, null), LineaDTO{HORIZONTAL, 162, null), LineaDTO{HORIZONTAL, 163, null), LineaDTO{HORIZONTAL, 164, null), LineaDTO{HORIZONTAL, 165, null), LineaDTO{HORIZONTAL, 166, null), LineaDTO{HORIZONTAL, 167, null), LineaDTO{HORIZONTAL, 168, null), LineaDTO{HORIZONTAL, 169, null), LineaDTO{HORIZONTAL, 170, null), LineaDTO{HORIZONTAL, 171, null), LineaDTO{HORIZONTAL, 172, null), LineaDTO{HORIZONTAL, 173, null), LineaDTO{HORIZONTAL, 174, null), LineaDTO{HORIZONTAL, 175, null), LineaDTO{HORIZONTAL, 176, null), LineaDTO{HORIZONTAL, 177, null), LineaDTO{HORIZONTAL, 178, null), LineaDTO{HORIZONTAL, 179, null), LineaDTO{HORIZONTAL, 180, null), LineaDTO{HORIZONTAL, 181, null), LineaDTO{HORIZONTAL, 182, null), LineaDTO{HORIZONTAL, 183, null), LineaDTO{HORIZONTAL, 184, null), LineaDTO{HORIZONTAL, 185, null), LineaDTO{HORIZONTAL, 186, null), LineaDTO{HORIZONTAL, 187, null), LineaDTO{HORIZONTAL, 188, null), LineaDTO{HORIZONTAL, 189, null), LineaDTO{HORIZONTAL, 190, null), LineaDTO{HORIZONTAL, 191, null), LineaDTO{HORIZONTAL, 192, null), LineaDTO{HORIZONTAL, 193, null), LineaDTO{HORIZONTAL, 194, null), LineaDTO{HORIZONTAL, 195, null), LineaDTO{HORIZONTAL, 196, null), LineaDTO{HORIZONTAL, 197, null), LineaDTO{HORIZONTAL, 198, null), LineaDTO{HORIZONTAL, 199, null), LineaDTO{HORIZONTAL, 200, null), LineaDTO{HORIZONTAL, 201, null), LineaDTO{HORIZONTAL, 202, null), LineaDTO{HORIZONTAL, 203, null), LineaDTO{HORIZONTAL, 204, null), LineaDTO{HORIZONTAL, 205, null), LineaDTO{HORIZONTAL, 206, null), LineaDTO{HORIZONTAL, 207, null), LineaDTO{HORIZONTAL, 208, null), LineaDTO{HORIZONTAL, 209, null), LineaDTO{HORIZONTAL, 210, null), LineaDTO{HORIZONTAL, 211, null), LineaDTO{HORIZONTAL, 212, null), LineaDTO{HORIZONTAL, 213, null), LineaDTO{HORIZONTAL, 214, null), LineaDTO{HORIZONTAL, 215, null), LineaDTO{HORIZONTAL, 216, null), LineaDTO{HORIZONTAL, 217, null), LineaDTO{HORIZONTAL, 218, null), LineaDTO{HORIZONTAL, 219, null), LineaDTO{HORIZONTAL, 220, null), LineaDTO{HORIZONTAL, 221, null), LineaDTO{HORIZONTAL, 222, null), LineaDTO{HORIZONTAL, 223, null), LineaDTO{HORIZONTAL, 224, null), LineaDTO{HORIZONTAL, 225, null), LineaDTO{HORIZONTAL, 226, null), LineaDTO{HORIZONTAL, 227, null), LineaDTO{HORIZONTAL, 228, null), LineaDTO{HORIZONTAL, 229, null), LineaDTO{HORIZONTAL, 230, null), LineaDTO{HORIZONTAL, 231, null), LineaDTO{HORIZONTAL, 232, null), LineaDTO{HORIZONTAL, 233, null), LineaDTO{HORIZONTAL, 234, null), LineaDTO{HORIZONTAL, 235, null), LineaDTO{HORIZONTAL, 236, null), LineaDTO{HORIZONTAL, 237, null), LineaDTO{HORIZONTAL, 238, null), LineaDTO{HORIZONTAL, 239, null), LineaDTO{HORIZONTAL, 240, null), LineaDTO{HORIZONTAL, 241, null), LineaDTO{HORIZONTAL, 242, null), LineaDTO{HORIZONTAL, 243, null), LineaDTO{HORIZONTAL, 244, null), LineaDTO{HORIZONTAL, 245, null), LineaDTO{HORIZONTAL, 246, null), LineaDTO{HORIZONTAL, 247, null), LineaDTO{HORIZONTAL, 248, null), LineaDTO{HORIZONTAL, 249, null), LineaDTO{HORIZONTAL, 250, null), LineaDTO{HORIZONTAL, 251, null), LineaDTO{HORIZONTAL, 252, null), LineaDTO{HORIZONTAL, 253, null), LineaDTO{HORIZONTAL, 254, null), LineaDTO{HORIZONTAL, 255, null), LineaDTO{HORIZONTAL, 256, null), LineaDTO{HORIZONTAL, 257, null), LineaDTO{HORIZONTAL, 258, null), LineaDTO{HORIZONTAL, 259, null), LineaDTO{HORIZONTAL, 260, null), LineaDTO{HORIZONTAL, 261, null), LineaDTO{HORIZONTAL, 262, null), LineaDTO{HORIZONTAL, 263, null), LineaDTO{HORIZONTAL, 264, null), LineaDTO{HORIZONTAL, 265, null), LineaDTO{HORIZONTAL, 266, null), LineaDTO{HORIZONTAL, 267, null), LineaDTO{HORIZONTAL, 268, null), LineaDTO{HORIZONTAL, 269, null), LineaDTO{HORIZONTAL, 270, null), LineaDTO{HORIZONTAL, 271, null), LineaDTO{HORIZONTAL, 272, null), LineaDTO{HORIZONTAL, 273, null), LineaDTO{HORIZONTAL, 274, null), LineaDTO{HORIZONTAL, 275, null), LineaDTO{HORIZONTAL, 276, null), LineaDTO{HORIZONTAL, 277, null), LineaDTO{HORIZONTAL, 278, null), LineaDTO{HORIZONTAL, 279, null), LineaDTO{HORIZONTAL, 280, null), LineaDTO{HORIZONTAL, 281, null), LineaDTO{HORIZONTAL, 282, null), LineaDTO{HORIZONTAL, 283, null), LineaDTO{HORIZONTAL, 284, null), LineaDTO{HORIZONTAL, 285, null), LineaDTO{HORIZONTAL, 286, null), LineaDTO{HORIZONTAL, 287, null), LineaDTO{HORIZONTAL, 288, null), LineaDTO{HORIZONTAL, 289, null), LineaDTO{HORIZONTAL, 290, null), LineaDTO{HORIZONTAL, 291, null), LineaDTO{HORIZONTAL, 292, null), LineaDTO{HORIZONTAL, 293, null), LineaDTO{HORIZONTAL, 294, null), LineaDTO{HORIZONTAL, 295, null), LineaDTO{HORIZONTAL, 296, null), LineaDTO{HORIZONTAL, 297, null), LineaDTO{HORIZONTAL, 298, null), LineaDTO{HORIZONTAL, 299, null), LineaDTO{HORIZONTAL, 300, null), LineaDTO{HORIZONTAL, 301, null), LineaDTO{HORIZONTAL, 302, null), LineaDTO{HORIZONTAL, 303, null), LineaDTO{HORIZONTAL, 304, null), LineaDTO{HORIZONTAL, 305, null), LineaDTO{HORIZONTAL, 306, null), LineaDTO{HORIZONTAL, 307, null), LineaDTO{HORIZONTAL, 308, null), LineaDTO{HORIZONTAL, 309, null), LineaDTO{HORIZONTAL, 310, null), LineaDTO{HORIZONTAL, 311, null), LineaDTO{HORIZONTAL, 312, null), LineaDTO{HORIZONTAL, 313, null), LineaDTO{HORIZONTAL, 314, null), LineaDTO{HORIZONTAL, 315, null), LineaDTO{HORIZONTAL, 316, null), LineaDTO{HORIZONTAL, 317, null), LineaDTO{HORIZONTAL, 318, null), LineaDTO{HORIZONTAL, 319, null), LineaDTO{HORIZONTAL, 320, null), LineaDTO{HORIZONTAL, 321, null), LineaDTO{HORIZONTAL, 322, null), LineaDTO{HORIZONTAL, 323, null), LineaDTO{HORIZONTAL, 324, null), LineaDTO{HORIZONTAL, 325, null), LineaDTO{HORIZONTAL, 326, null), LineaDTO{HORIZONTAL, 327, null), LineaDTO{HORIZONTAL, 328, null), LineaDTO{HORIZONTAL, 329, null), LineaDTO{HORIZONTAL, 330, null), LineaDTO{HORIZONTAL, 331, null), LineaDTO{HORIZONTAL, 332, null), LineaDTO{HORIZONTAL, 333, null), LineaDTO{HORIZONTAL, 334, null), LineaDTO{HORIZONTAL, 335, null), LineaDTO{HORIZONTAL, 336, null), LineaDTO{HORIZONTAL, 337, null), LineaDTO{HORIZONTAL, 338, null), LineaDTO{HORIZONTAL, 339, null), LineaDTO{HORIZONTAL, 340, null), LineaDTO{HORIZONTAL, 341, null), LineaDTO{HORIZONTAL, 342, null), LineaDTO{HORIZONTAL, 343, null), LineaDTO{HORIZONTAL, 344, null), LineaDTO{HORIZONTAL, 345, null), LineaDTO{HORIZONTAL, 346, null), LineaDTO{HORIZONTAL, 347, null), LineaDTO{HORIZONTAL, 348, null), LineaDTO{HORIZONTAL, 349, null), LineaDTO{HORIZONTAL, 350, null), LineaDTO{HORIZONTAL, 351, null), LineaDTO{HORIZONTAL, 352, null), LineaDTO{HORIZONTAL, 353, null), LineaDTO{HORIZONTAL, 354, null), LineaDTO{HORIZONTAL, 355, null), LineaDTO{HORIZONTAL, 356, null), LineaDTO{HORIZONTAL, 357, null), LineaDTO{HORIZONTAL, 358, null), LineaDTO{HORIZONTAL, 359, null), LineaDTO{HORIZONTAL, 360, null), LineaDTO{HORIZONTAL, 361, null), LineaDTO{HORIZONTAL, 362, null), LineaDTO{HORIZONTAL, 363, null), LineaDTO{HORIZONTAL, 364, null), LineaDTO{HORIZONTAL, 365, null), LineaDTO{HORIZONTAL, 366, null), LineaDTO{HORIZONTAL, 367, null), LineaDTO{HORIZONTAL, 368, null), LineaDTO{HORIZONTAL, 369, null), LineaDTO{HORIZONTAL, 370, null), LineaDTO{HORIZONTAL, 371, null), LineaDTO{HORIZONTAL, 372, null), LineaDTO{HORIZONTAL, 373, null), LineaDTO{HORIZONTAL, 374, null), LineaDTO{HORIZONTAL, 375, null), LineaDTO{HORIZONTAL, 376, null), LineaDTO{HORIZONTAL, 377, null), LineaDTO{HORIZONTAL, 378, null), LineaDTO{HORIZONTAL, 379, null), LineaDTO{HORIZONTAL, 380, null), LineaDTO{HORIZONTAL, 381, null), LineaDTO{HORIZONTAL, 382, null), LineaDTO{HORIZONTAL, 383, null), LineaDTO{HORIZONTAL, 384, null), LineaDTO{HORIZONTAL, 385, null), LineaDTO{HORIZONTAL, 386, null), LineaDTO{HORIZONTAL, 387, null), LineaDTO{HORIZONTAL, 388, null), LineaDTO{HORIZONTAL, 389, null), LineaDTO{HORIZONTAL, 390, null), LineaDTO{HORIZONTAL, 391, null), LineaDTO{HORIZONTAL, 392, null), LineaDTO{HORIZONTAL, 393, null), LineaDTO{HORIZONTAL, 394, null), LineaDTO{HORIZONTAL, 395, null), LineaDTO{HORIZONTAL, 396, null), LineaDTO{HORIZONTAL, 397, null), LineaDTO{HORIZONTAL, 398, null), LineaDTO{HORIZONTAL, 399, null), LineaDTO{HORIZONTAL, 400, null), LineaDTO{HORIZONTAL, 401, null), LineaDTO{HORIZONTAL, 402, null), LineaDTO{HORIZONTAL, 403, null), LineaDTO{HORIZONTAL, 404, null), LineaDTO{HORIZONTAL, 405, null), LineaDTO{HORIZONTAL, 406, null), LineaDTO{HORIZONTAL, 407, null), LineaDTO{HORIZONTAL, 408, null), LineaDTO{HORIZONTAL, 409, null), LineaDTO{HORIZONTAL, 410, null), LineaDTO{HORIZONTAL, 411, null), LineaDTO{HORIZONTAL, 412, null), LineaDTO{HORIZONTAL, 413, null), LineaDTO{HORIZONTAL, 414, null), LineaDTO{HORIZONTAL, 415, null), LineaDTO{HORIZONTAL, 416, null), LineaDTO{HORIZONTAL, 417, null), LineaDTO{HORIZONTAL, 418, null), LineaDTO{HORIZONTAL, 419, null), LineaDTO{HORIZONTAL, 420, null), LineaDTO{HORIZONTAL, 421, null), LineaDTO{HORIZONTAL, 422, null), LineaDTO{HORIZONTAL, 423, null), LineaDTO{HORIZONTAL, 424, null), LineaDTO{HORIZONTAL, 425, null), LineaDTO{HORIZONTAL, 426, null), LineaDTO{HORIZONTAL, 427, null), LineaDTO{HORIZONTAL, 428, null), LineaDTO{HORIZONTAL, 429, null), LineaDTO{HORIZONTAL, 430, null), LineaDTO{HORIZONTAL, 431, null), LineaDTO{HORIZONTAL, 432, null), LineaDTO{HORIZONTAL, 433, null), LineaDTO{HORIZONTAL, 434, null), LineaDTO{HORIZONTAL, 435, null), LineaDTO{HORIZONTAL, 436, null), LineaDTO{HORIZONTAL, 437, null), LineaDTO{HORIZONTAL, 438, null), LineaDTO{HORIZONTAL, 439, null), LineaDTO{HORIZONTAL, 440, null), LineaDTO{HORIZONTAL, 441, null), LineaDTO{HORIZONTAL, 442, null), LineaDTO{HORIZONTAL, 443, null), LineaDTO{HORIZONTAL, 444, null), LineaDTO{HORIZONTAL, 445, null), LineaDTO{HORIZONTAL, 446, null), LineaDTO{HORIZONTAL, 447, null), LineaDTO{HORIZONTAL, 448, null), LineaDTO{HORIZONTAL, 449, null), LineaDTO{HORIZONTAL, 450, null), LineaDTO{HORIZONTAL, 451, null), LineaDTO{HORIZONTAL, 452, null), LineaDTO{HORIZONTAL, 453, null), LineaDTO{HORIZONTAL, 454, null), LineaDTO{HORIZONTAL, 455, null), LineaDTO{HORIZONTAL, 456, null), LineaDTO{HORIZONTAL, 457, null), LineaDTO{HORIZONTAL, 458, null), LineaDTO{HORIZONTAL, 459, null), LineaDTO{HORIZONTAL, 460, null), LineaDTO{HORIZONTAL, 461, null), LineaDTO{HORIZONTAL, 462, null), LineaDTO{HORIZONTAL, 463, null), LineaDTO{HORIZONTAL, 464, null), LineaDTO{HORIZONTAL, 465, null), LineaDTO{HORIZONTAL, 466, null), LineaDTO{HORIZONTAL, 467, null), LineaDTO{HORIZONTAL, 468, null), LineaDTO{HORIZONTAL, 469, null), LineaDTO{HORIZONTAL, 470, null), LineaDTO{HORIZONTAL, 471, null), LineaDTO{HORIZONTAL, 472, null), LineaDTO{HORIZONTAL, 473, null), LineaDTO{HORIZONTAL, 474, null), LineaDTO{HORIZONTAL, 475, null), LineaDTO{HORIZONTAL, 476, null), LineaDTO{HORIZONTAL, 477, null), LineaDTO{HORIZONTAL, 478, null), LineaDTO{HORIZONTAL, 479, null), LineaDTO{HORIZONTAL, 480, null), LineaDTO{HORIZONTAL, 481, null), LineaDTO{HORIZONTAL, 482, null), LineaDTO{HORIZONTAL, 483, null), LineaDTO{HORIZONTAL, 484, null), LineaDTO{HORIZONTAL, 485, null), LineaDTO{HORIZONTAL, 486, null), LineaDTO{HORIZONTAL, 487, null), LineaDTO{HORIZONTAL, 488, null), LineaDTO{HORIZONTAL, 489, null), LineaDTO{HORIZONTAL, 490, null), LineaDTO{HORIZONTAL, 491, null), LineaDTO{HORIZONTAL, 492, null), LineaDTO{HORIZONTAL, 493, null), LineaDTO{HORIZONTAL, 494, null), LineaDTO{HORIZONTAL, 495, null), LineaDTO{HORIZONTAL, 496, null), LineaDTO{HORIZONTAL, 497, null), LineaDTO{HORIZONTAL, 498, null), LineaDTO{HORIZONTAL, 499, null), LineaDTO{HORIZONTAL, 500, null), LineaDTO{HORIZONTAL, 501, null), LineaDTO{HORIZONTAL, 502, null), LineaDTO{HORIZONTAL, 503, null), LineaDTO{HORIZONTAL, 504, null), LineaDTO{HORIZONTAL, 505, null), LineaDTO{HORIZONTAL, 506, null), LineaDTO{HORIZONTAL, 507, null), LineaDTO{HORIZONTAL, 508, null), LineaDTO{HORIZONTAL, 509, null), LineaDTO{HORIZONTAL, 510, null), LineaDTO{HORIZONTAL, 511, null), LineaDTO{HORIZONTAL, 512, null), LineaDTO{HORIZONTAL, 513, null), LineaDTO{HORIZONTAL, 514, null), LineaDTO{HORIZONTAL, 515, null), LineaDTO{HORIZONTAL, 516, null), LineaDTO{HORIZONTAL, 517, null), LineaDTO{HORIZONTAL, 518, null), LineaDTO{HORIZONTAL, 519, null), LineaDTO{HORIZONTAL, 520, null), LineaDTO{HORIZONTAL, 521, null), LineaDTO{HORIZONTAL, 522, null), LineaDTO{HORIZONTAL, 523, null), LineaDTO{HORIZONTAL, 524, null), LineaDTO{HORIZONTAL, 525, null), LineaDTO{HORIZONTAL, 526, null), LineaDTO{HORIZONTAL, 527, null), LineaDTO{HORIZONTAL, 528, null), LineaDTO{HORIZONTAL, 529, null), LineaDTO{HORIZONTAL, 530, null), LineaDTO{HORIZONTAL, 531, null), LineaDTO{HORIZONTAL, 532, null), LineaDTO{HORIZONTAL, 533, null), LineaDTO{HORIZONTAL, 534, null), LineaDTO{HORIZONTAL, 535, null), LineaDTO{HORIZONTAL, 536, null), LineaDTO{HORIZONTAL, 537, null), LineaDTO{HORIZONTAL, 538, null), LineaDTO{HORIZONTAL, 539, null), LineaDTO{HORIZONTAL, 540, null), LineaDTO{HORIZONTAL, 541, null), LineaDTO{HORIZONTAL, 542, null), LineaDTO{HORIZONTAL, 543, null), LineaDTO{HORIZONTAL, 544, null), LineaDTO{HORIZONTAL, 545, null), LineaDTO{HORIZONTAL, 546, null), LineaDTO{HORIZONTAL, 547, null), LineaDTO{HORIZONTAL, 548, null), LineaDTO{HORIZONTAL, 549, null), LineaDTO{HORIZONTAL, 550, null), LineaDTO{HORIZONTAL, 551, null), LineaDTO{HORIZONTAL, 552, null), LineaDTO{HORIZONTAL, 553, null), LineaDTO{HORIZONTAL, 554, null), LineaDTO{HORIZONTAL, 555, null), LineaDTO{HORIZONTAL, 556, null), LineaDTO{HORIZONTAL, 557, null), LineaDTO{HORIZONTAL, 558, null), LineaDTO{HORIZONTAL, 559, null), LineaDTO{HORIZONTAL, 560, null), LineaDTO{HORIZONTAL, 561, null), LineaDTO{HORIZONTAL, 562, null), LineaDTO{HORIZONTAL, 563, null), LineaDTO{HORIZONTAL, 564, null), LineaDTO{HORIZONTAL, 565, null), LineaDTO{HORIZONTAL, 566, null), LineaDTO{HORIZONTAL, 567, null), LineaDTO{HORIZONTAL, 568, null), LineaDTO{HORIZONTAL, 569, null), LineaDTO{HORIZONTAL, 570, null), LineaDTO{HORIZONTAL, 571, null), LineaDTO{HORIZONTAL, 572, null), LineaDTO{HORIZONTAL, 573, null), LineaDTO{HORIZONTAL, 574, null), LineaDTO{HORIZONTAL, 575, null), LineaDTO{HORIZONTAL, 576, null), LineaDTO{HORIZONTAL, 577, null), LineaDTO{HORIZONTAL, 578, null), LineaDTO{HORIZONTAL, 579, null), LineaDTO{HORIZONTAL, 580, null), LineaDTO{HORIZONTAL, 581, null), LineaDTO{HORIZONTAL, 582, null), LineaDTO{HORIZONTAL, 583, null), LineaDTO{HORIZONTAL, 584, null), LineaDTO{HORIZONTAL, 585, null), LineaDTO{HORIZONTAL, 586, null), LineaDTO{HORIZONTAL, 587, null), LineaDTO{HORIZONTAL, 588, null), LineaDTO{HORIZONTAL, 589, null), LineaDTO{HORIZONTAL, 590, null), LineaDTO{HORIZONTAL, 591, null), LineaDTO{HORIZONTAL, 592, null), LineaDTO{HORIZONTAL, 593, null), LineaDTO{HORIZONTAL, 594, null), LineaDTO{HORIZONTAL, 595, null), LineaDTO{HORIZONTAL, 596, null), LineaDTO{HORIZONTAL, 597, null), LineaDTO{HORIZONTAL, 598, null), LineaDTO{HORIZONTAL, 599, null), LineaDTO{HORIZONTAL, 600, null), LineaDTO{HORIZONTAL, 601, null), LineaDTO{HORIZONTAL, 602, null), LineaDTO{HORIZONTAL, 603, null), LineaDTO{HORIZONTAL, 604, null), LineaDTO{HORIZONTAL, 605, null), LineaDTO{HORIZONTAL, 606, null), LineaDTO{HORIZONTAL, 607, null), LineaDTO{HORIZONTAL, 608, null), LineaDTO{HORIZONTAL, 609, null), LineaDTO{HORIZONTAL, 610, null), LineaDTO{HORIZONTAL, 611, null), LineaDTO{HORIZONTAL, 612, null), LineaDTO{HORIZONTAL, 613, null), LineaDTO{HORIZONTAL, 614, null), LineaDTO{HORIZONTAL, 615, null), LineaDTO{HORIZONTAL, 616, null), LineaDTO{HORIZONTAL, 617, null), LineaDTO{HORIZONTAL, 618, null), LineaDTO{HORIZONTAL, 619, null), LineaDTO{HORIZONTAL, 620, null), LineaDTO{HORIZONTAL, 621, null), LineaDTO{HORIZONTAL, 622, null), LineaDTO{HORIZONTAL, 623, null), LineaDTO{HORIZONTAL, 624, null), LineaDTO{HORIZONTAL, 625, null), LineaDTO{HORIZONTAL, 626, null), LineaDTO{HORIZONTAL, 627, null), LineaDTO{HORIZONTAL, 628, null), LineaDTO{HORIZONTAL, 629, null), LineaDTO{HORIZONTAL, 630, null), LineaDTO{HORIZONTAL, 631, null), LineaDTO{HORIZONTAL, 632, null), LineaDTO{HORIZONTAL, 633, null), LineaDTO{HORIZONTAL, 634, null), LineaDTO{HORIZONTAL, 635, null), LineaDTO{HORIZONTAL, 636, null), LineaDTO{HORIZONTAL, 637, null), LineaDTO{HORIZONTAL, 638, null), LineaDTO{HORIZONTAL, 639, null), LineaDTO{HORIZONTAL, 640, null), LineaDTO{HORIZONTAL, 641, null), LineaDTO{HORIZONTAL, 642, null), LineaDTO{HORIZONTAL, 643, null), LineaDTO{HORIZONTAL, 644, null), LineaDTO{HORIZONTAL, 645, null), LineaDTO{HORIZONTAL, 646, null), LineaDTO{HORIZONTAL, 647, null), LineaDTO{HORIZONTAL, 648, null), LineaDTO{HORIZONTAL, 649, null), LineaDTO{HORIZONTAL, 650, null), LineaDTO{HORIZONTAL, 651, null), LineaDTO{HORIZONTAL, 652, null), LineaDTO{HORIZONTAL, 653, null), LineaDTO{HORIZONTAL, 654, null), LineaDTO{HORIZONTAL, 655, null), LineaDTO{HORIZONTAL, 656, null), LineaDTO{HORIZONTAL, 657, null), LineaDTO{HORIZONTAL, 658, null), LineaDTO{HORIZONTAL, 659, null), LineaDTO{HORIZONTAL, 660, null), LineaDTO{HORIZONTAL, 661, null), LineaDTO{HORIZONTAL, 662, null), LineaDTO{HORIZONTAL, 663, null), LineaDTO{HORIZONTAL, 664, null), LineaDTO{HORIZONTAL, 665, null), LineaDTO{HORIZONTAL, 666, null), LineaDTO{HORIZONTAL, 667, null), LineaDTO{HORIZONTAL, 668, null), LineaDTO{HORIZONTAL, 669, null), LineaDTO{HORIZONTAL, 670, null), LineaDTO{HORIZONTAL, 671, null), LineaDTO{HORIZONTAL, 672, null), LineaDTO{HORIZONTAL, 673, null), LineaDTO{HORIZONTAL, 674, null), LineaDTO{HORIZONTAL, 675, null), LineaDTO{HORIZONTAL, 676, null), LineaDTO{HORIZONTAL, 677, null), LineaDTO{HORIZONTAL, 678, null), LineaDTO{HORIZONTAL, 679, null), LineaDTO{HORIZONTAL, 680, null), LineaDTO{HORIZONTAL, 681, null), LineaDTO{HORIZONTAL, 682, null), LineaDTO{HORIZONTAL, 683, null), LineaDTO{HORIZONTAL, 684, null), LineaDTO{HORIZONTAL, 685, null), LineaDTO{HORIZONTAL, 686, null), LineaDTO{HORIZONTAL, 687, null), LineaDTO{HORIZONTAL, 688, null), LineaDTO{HORIZONTAL, 689, null), LineaDTO{HORIZONTAL, 690, null), LineaDTO{HORIZONTAL, 691, null), LineaDTO{HORIZONTAL, 692, null), LineaDTO{HORIZONTAL, 693, null), LineaDTO{HORIZONTAL, 694, null), LineaDTO{HORIZONTAL, 695, null), LineaDTO{HORIZONTAL, 696, null), LineaDTO{HORIZONTAL, 697, null), LineaDTO{HORIZONTAL, 698, null), LineaDTO{HORIZONTAL, 699, null), LineaDTO{HORIZONTAL, 700, null), LineaDTO{HORIZONTAL, 701, null), LineaDTO{HORIZONTAL, 702, null), LineaDTO{HORIZONTAL, 703, null), LineaDTO{HORIZONTAL, 704, null), LineaDTO{HORIZONTAL, 705, null), LineaDTO{HORIZONTAL, 706, null), LineaDTO{HORIZONTAL, 707, null), LineaDTO{HORIZONTAL, 708, null), LineaDTO{HORIZONTAL, 709, null), LineaDTO{HORIZONTAL, 710, null), LineaDTO{HORIZONTAL, 711, null), LineaDTO{HORIZONTAL, 712, null), LineaDTO{HORIZONTAL, 713, null), LineaDTO{HORIZONTAL, 714, null), LineaDTO{HORIZONTAL, 715, null), LineaDTO{HORIZONTAL, 716, null), LineaDTO{HORIZONTAL, 717, null), LineaDTO{HORIZONTAL, 718, null), LineaDTO{HORIZONTAL, 719, null), LineaDTO{HORIZONTAL, 720, null), LineaDTO{HORIZONTAL, 721, null), LineaDTO{HORIZONTAL, 722, null), LineaDTO{HORIZONTAL, 723, null), LineaDTO{HORIZONTAL, 724, null), LineaDTO{HORIZONTAL, 725, null), LineaDTO{HORIZONTAL, 726, null), LineaDTO{HORIZONTAL, 727, null), LineaDTO{HORIZONTAL, 728, null), LineaDTO{HORIZONTAL, 729, null), LineaDTO{HORIZONTAL, 730, null), LineaDTO{HORIZONTAL, 731, null), LineaDTO{HORIZONTAL, 732, null), LineaDTO{HORIZONTAL, 733, null), LineaDTO{HORIZONTAL, 734, null), LineaDTO{HORIZONTAL, 735, null), LineaDTO{HORIZONTAL, 736, null), LineaDTO{HORIZONTAL, 737, null), LineaDTO{HORIZONTAL, 738, null), LineaDTO{HORIZONTAL, 739, null), LineaDTO{HORIZONTAL, 740, null), LineaDTO{HORIZONTAL, 741, null), LineaDTO{HORIZONTAL, 742, null), LineaDTO{HORIZONTAL, 743, null), LineaDTO{HORIZONTAL, 744, null), LineaDTO{HORIZONTAL, 745, null), LineaDTO{HORIZONTAL, 746, null), LineaDTO{HORIZONTAL, 747, null), LineaDTO{HORIZONTAL, 748, null), LineaDTO{HORIZONTAL, 749, null), LineaDTO{HORIZONTAL, 750, null), LineaDTO{HORIZONTAL, 751, null), LineaDTO{HORIZONTAL, 752, null), LineaDTO{HORIZONTAL, 753, null), LineaDTO{HORIZONTAL, 754, null), LineaDTO{HORIZONTAL, 755, null), LineaDTO{HORIZONTAL, 756, null), LineaDTO{HORIZONTAL, 757, null), LineaDTO{HORIZONTAL, 758, null), LineaDTO{HORIZONTAL, 759, null), LineaDTO{HORIZONTAL, 760, null), LineaDTO{HORIZONTAL, 761, null), LineaDTO{HORIZONTAL, 762, null), LineaDTO{HORIZONTAL, 763, null), LineaDTO{HORIZONTAL, 764, null), LineaDTO{HORIZONTAL, 765, null), LineaDTO{HORIZONTAL, 766, null), LineaDTO{HORIZONTAL, 767, null), LineaDTO{HORIZONTAL, 768, null), LineaDTO{HORIZONTAL, 769, null), LineaDTO{HORIZONTAL, 770, null), LineaDTO{HORIZONTAL, 771, null), LineaDTO{HORIZONTAL, 772, null), LineaDTO{HORIZONTAL, 773, null), LineaDTO{HORIZONTAL, 774, null), LineaDTO{HORIZONTAL, 775, null), LineaDTO{HORIZONTAL, 776, null), LineaDTO{HORIZONTAL, 777, null), LineaDTO{HORIZONTAL, 778, null), LineaDTO{HORIZONTAL, 779, null), LineaDTO{HORIZONTAL, 780, null), LineaDTO{HORIZONTAL, 781, null), LineaDTO{HORIZONTAL, 782, null), LineaDTO{HORIZONTAL, 783, null), LineaDTO{HORIZONTAL, 784, null), LineaDTO{HORIZONTAL, 785, null), LineaDTO{HORIZONTAL, 786, null), LineaDTO{HORIZONTAL, 787, null), LineaDTO{HORIZONTAL, 788, null), LineaDTO{HORIZONTAL, 789, null), LineaDTO{HORIZONTAL, 790, null), LineaDTO{HORIZONTAL, 791, null), LineaDTO{HORIZONTAL, 792, null), LineaDTO{HORIZONTAL, 793, null), LineaDTO{HORIZONTAL, 794, null), LineaDTO{HORIZONTAL, 795, null), LineaDTO{HORIZONTAL, 796, null), LineaDTO{HORIZONTAL, 797, null), LineaDTO{HORIZONTAL, 798, null), LineaDTO{HORIZONTAL, 799, null), LineaDTO{HORIZONTAL, 800, null), LineaDTO{HORIZONTAL, 801, null), LineaDTO{HORIZONTAL, 802, null), LineaDTO{HORIZONTAL, 803, null), LineaDTO{HORIZONTAL, 804, null), LineaDTO{HORIZONTAL, 805, null), LineaDTO{HORIZONTAL, 806, null), LineaDTO{HORIZONTAL, 807, null), LineaDTO{HORIZONTAL, 808, null), LineaDTO{HORIZONTAL, 809, null), LineaDTO{HORIZONTAL, 810, null), LineaDTO{HORIZONTAL, 811, null), LineaDTO{HORIZONTAL, 812, null), LineaDTO{HORIZONTAL, 813, null), LineaDTO{HORIZONTAL, 814, null), LineaDTO{HORIZONTAL, 815, null), LineaDTO{HORIZONTAL, 816, null), LineaDTO{HORIZONTAL, 817, null), LineaDTO{HORIZONTAL, 818, null), LineaDTO{HORIZONTAL, 819, null), LineaDTO{HORIZONTAL, 820, null), LineaDTO{HORIZONTAL, 821, null), LineaDTO{HORIZONTAL, 822, null), LineaDTO{HORIZONTAL, 823, null), LineaDTO{HORIZONTAL, 824, null), LineaDTO{HORIZONTAL, 825, null), LineaDTO{HORIZONTAL, 826, null), LineaDTO{HORIZONTAL, 827, null), LineaDTO{HORIZONTAL, 828, null), LineaDTO{HORIZONTAL, 829, null), LineaDTO{HORIZONTAL, 830, null), LineaDTO{HORIZONTAL, 831, null), LineaDTO{HORIZONTAL, 832, null), LineaDTO{HORIZONTAL, 833, null), LineaDTO{HORIZONTAL, 834, null), LineaDTO{HORIZONTAL, 835, null), LineaDTO{HORIZONTAL, 836, null), LineaDTO{HORIZONTAL, 837, null), LineaDTO{HORIZONTAL, 838, null), LineaDTO{HORIZONTAL, 839, null), LineaDTO{HORIZONTAL, 840, null), LineaDTO{HORIZONTAL, 841, null), LineaDTO{HORIZONTAL, 842, null), LineaDTO{HORIZONTAL, 843, null), LineaDTO{HORIZONTAL, 844, null), LineaDTO{HORIZONTAL, 845, null), LineaDTO{HORIZONTAL, 846, null), LineaDTO{HORIZONTAL, 847, null), LineaDTO{HORIZONTAL, 848, null), LineaDTO{HORIZONTAL, 849, null), LineaDTO{HORIZONTAL, 850, null), LineaDTO{HORIZONTAL, 851, null), LineaDTO{HORIZONTAL, 852, null), LineaDTO{HORIZONTAL, 853, null), LineaDTO{HORIZONTAL, 854, null), LineaDTO{HORIZONTAL, 855, null), LineaDTO{HORIZONTAL, 856, null), LineaDTO{HORIZONTAL, 857, null), LineaDTO{HORIZONTAL, 858, null), LineaDTO{HORIZONTAL, 859, null), LineaDTO{HORIZONTAL, 860, null), LineaDTO{HORIZONTAL, 861, null), LineaDTO{HORIZONTAL, 862, null), LineaDTO{HORIZONTAL, 863, null), LineaDTO{HORIZONTAL, 864, null), LineaDTO{HORIZONTAL, 865, null), LineaDTO{HORIZONTAL, 866, null), LineaDTO{HORIZONTAL, 867, null), LineaDTO{HORIZONTAL, 868, null), LineaDTO{HORIZONTAL, 869, null), LineaDTO{HORIZONTAL, 870, null), LineaDTO{HORIZONTAL, 871, null), LineaDTO{HORIZONTAL, 872, null), LineaDTO{HORIZONTAL, 873, null), LineaDTO{HORIZONTAL, 874, null), LineaDTO{HORIZONTAL, 875, null), LineaDTO{HORIZONTAL, 876, null), LineaDTO{HORIZONTAL, 877, null), LineaDTO{HORIZONTAL, 878, null), LineaDTO{HORIZONTAL, 879, null), LineaDTO{HORIZONTAL, 880, null), LineaDTO{HORIZONTAL, 881, null), LineaDTO{HORIZONTAL, 882, null), LineaDTO{HORIZONTAL, 883, null), LineaDTO{HORIZONTAL, 884, null), LineaDTO{HORIZONTAL, 885, null), LineaDTO{HORIZONTAL, 886, null), LineaDTO{HORIZONTAL, 887, null), LineaDTO{HORIZONTAL, 888, null), LineaDTO{HORIZONTAL, 889, null), LineaDTO{HORIZONTAL, 890, null), LineaDTO{HORIZONTAL, 891, null), LineaDTO{HORIZONTAL, 892, null), LineaDTO{HORIZONTAL, 893, null), LineaDTO{HORIZONTAL, 894, null), LineaDTO{HORIZONTAL, 895, null), LineaDTO{HORIZONTAL, 896, null), LineaDTO{HORIZONTAL, 897, null), LineaDTO{HORIZONTAL, 898, null), LineaDTO{HORIZONTAL, 899, null), LineaDTO{HORIZONTAL, 900, null), LineaDTO{HORIZONTAL, 901, null), LineaDTO{HORIZONTAL, 902, null), LineaDTO{HORIZONTAL, 903, null), LineaDTO{HORIZONTAL, 904, null), LineaDTO{HORIZONTAL, 905, null), LineaDTO{HORIZONTAL, 906, null), LineaDTO{HORIZONTAL, 907, null), LineaDTO{HORIZONTAL, 908, null), LineaDTO{HORIZONTAL, 909, null), LineaDTO{HORIZONTAL, 910, null), LineaDTO{HORIZONTAL, 911, null), LineaDTO{HORIZONTAL, 912, null), LineaDTO{HORIZONTAL, 913, null), LineaDTO{HORIZONTAL, 914, null), LineaDTO{HORIZONTAL, 915, null), LineaDTO{HORIZONTAL, 916, null), LineaDTO{HORIZONTAL, 917, null), LineaDTO{HORIZONTAL, 918, null), LineaDTO{HORIZONTAL, 919, null), LineaDTO{HORIZONTAL, 920, null), LineaDTO{HORIZONTAL, 921, null), LineaDTO{HORIZONTAL, 922, null), LineaDTO{HORIZONTAL, 923, null), LineaDTO{HORIZONTAL, 924, null), LineaDTO{HORIZONTAL, 925, null), LineaDTO{HORIZONTAL, 926, null), LineaDTO{HORIZONTAL, 927, null), LineaDTO{
[...]
droDTO{653, null), CuadroDTO{654, null), CuadroDTO{655, null), CuadroDTO{656, null), CuadroDTO{657, null), CuadroDTO{658, null), CuadroDTO{659, null), CuadroDTO{660, null), CuadroDTO{661, null), CuadroDTO{662, null), CuadroDTO{663, null), CuadroDTO{664, null), CuadroDTO{665, null), CuadroDTO{666, null), CuadroDTO{667, null), CuadroDTO{668, null), CuadroDTO{669, null), CuadroDTO{670, null), CuadroDTO{671, null), CuadroDTO{672, null), CuadroDTO{673, null), CuadroDTO{674, null), CuadroDTO{675, null), CuadroDTO{676, null), CuadroDTO{677, null), CuadroDTO{678, null), CuadroDTO{679, null), CuadroDTO{680, null), CuadroDTO{681, null), CuadroDTO{682, null), CuadroDTO{683, null), CuadroDTO{684, null), CuadroDTO{685, null), CuadroDTO{686, null), CuadroDTO{687, null), CuadroDTO{688, null), CuadroDTO{689, null), CuadroDTO{690, null), CuadroDTO{691, null), CuadroDTO{692, null), CuadroDTO{693, null), CuadroDTO{694, null), CuadroDTO{695, null), CuadroDTO{696, null), CuadroDTO{697, null), CuadroDTO{698, null), CuadroDTO{699, null), CuadroDTO{700, null), CuadroDTO{701, null), CuadroDTO{702, null), CuadroDTO{703, null), CuadroDTO{704, null), CuadroDTO{705, null), CuadroDTO{706, null), CuadroDTO{707, null), CuadroDTO{708, null), CuadroDTO{709, null), CuadroDTO{710, null), CuadroDTO{711, null), CuadroDTO{712, null), CuadroDTO{713, null), CuadroDTO{714, null), CuadroDTO{715, null), CuadroDTO{716, null), CuadroDTO{717, null), CuadroDTO{718, null), CuadroDTO{719, null), CuadroDTO{720, null), CuadroDTO{721, null), CuadroDTO{722, null), CuadroDTO{723, null), CuadroDTO{724, null), CuadroDTO{725, null), CuadroDTO{726, null), CuadroDTO{727, null), CuadroDTO{728, null), CuadroDTO{729, null), CuadroDTO{730, null), CuadroDTO{731, null), CuadroDTO{732, null), CuadroDTO{733, null), CuadroDTO{734, null), CuadroDTO{735, null), CuadroDTO{736, null), CuadroDTO{737, null), CuadroDTO{738, null), CuadroDTO{739, null), CuadroDTO{740, null), CuadroDTO{741, null), CuadroDTO{742, null), CuadroDTO{743, null), CuadroDTO{744, null), CuadroDTO{745, null), CuadroDTO{746, null), CuadroDTO{747, null), CuadroDTO{748, null), CuadroDTO{749, null), CuadroDTO{750, null), CuadroDTO{751, null), CuadroDTO{752, null), CuadroDTO{753, null), CuadroDTO{754, null), CuadroDTO{755, null), CuadroDTO{756, null), CuadroDTO{757, null), CuadroDTO{758, null), CuadroDTO{759, null), CuadroDTO{760, null), CuadroDTO{761, null), CuadroDTO{762, null), CuadroDTO{763, null), CuadroDTO{764, null), CuadroDTO{765, null), CuadroDTO{766, null), CuadroDTO{767, null), CuadroDTO{768, null), CuadroDTO{769, null), CuadroDTO{770, null), CuadroDTO{771, null), CuadroDTO{772, null), CuadroDTO{773, null), CuadroDTO{774, null), CuadroDTO{775, null), CuadroDTO{776, null), CuadroDTO{777, null), CuadroDTO{778, null), CuadroDTO{779, null), CuadroDTO{780, null), CuadroDTO{781, null), CuadroDTO{782, null), CuadroDTO{783, null), CuadroDTO{784, null), CuadroDTO{785, null), CuadroDTO{786, null), CuadroDTO{787, null), CuadroDTO{788, null), CuadroDTO{789, null), CuadroDTO{790, null), CuadroDTO{791, null), CuadroDTO{792, null), CuadroDTO{793, null), CuadroDTO{794, null), CuadroDTO{795, null), CuadroDTO{796, null), CuadroDTO{797, null), CuadroDTO{798, null), CuadroDTO{799, null), CuadroDTO{800, null), CuadroDTO{801, null), CuadroDTO{802, null), CuadroDTO{803, null), CuadroDTO{804, null), CuadroDTO{805, null), CuadroDTO{806, null), CuadroDTO{807, null), CuadroDTO{808, null), CuadroDTO{809, null), CuadroDTO{810, null), CuadroDTO{811, null), CuadroDTO{812, null), CuadroDTO{813, null), CuadroDTO{814, null), CuadroDTO{815, null), CuadroDTO{816, null), CuadroDTO{817, null), CuadroDTO{818, null), CuadroDTO{819, null), CuadroDTO{820, null), CuadroDTO{821, null), CuadroDTO{822, null), CuadroDTO{823, null), CuadroDTO{824, null), CuadroDTO{825, null), CuadroDTO{826, null), CuadroDTO{827, null), CuadroDTO{828, null), CuadroDTO{829, null), CuadroDTO{830, null), CuadroDTO{831, null), CuadroDTO{832, null), CuadroDTO{833, null), CuadroDTO{834, null), CuadroDTO{835, null), CuadroDTO{836, null), CuadroDTO{837, null), CuadroDTO{838, null), CuadroDTO{839, null), CuadroDTO{840, null), CuadroDTO{841, null), CuadroDTO{842, null), CuadroDTO{843, null), CuadroDTO{844, null), CuadroDTO{845, null), CuadroDTO{846, null), CuadroDTO{847, null), CuadroDTO{848, null), CuadroDTO{849, null), CuadroDTO{850, null), CuadroDTO{851, null), CuadroDTO{852, null), CuadroDTO{853, null), CuadroDTO{854, null), CuadroDTO{855, null), CuadroDTO{856, null), CuadroDTO{857, null), CuadroDTO{858, null), CuadroDTO{859, null), CuadroDTO{860, null), CuadroDTO{861, null), CuadroDTO{862, null), CuadroDTO{863, null), CuadroDTO{864, null), CuadroDTO{865, null), CuadroDTO{866, null), CuadroDTO{867, null), CuadroDTO{868, null), CuadroDTO{869, null), CuadroDTO{870, null), CuadroDTO{871, null), CuadroDTO{872, null), CuadroDTO{873, null), CuadroDTO{874, null), CuadroDTO{875, null), CuadroDTO{876, null), CuadroDTO{877, null), CuadroDTO{878, null), CuadroDTO{879, null), CuadroDTO{880, null), CuadroDTO{881, null), CuadroDTO{882, null), CuadroDTO{883, null), CuadroDTO{884, null), CuadroDTO{885, null), CuadroDTO{886, null), CuadroDTO{887, null), CuadroDTO{888, null), CuadroDTO{889, null), CuadroDTO{890, null), CuadroDTO{891, null), CuadroDTO{892, null), CuadroDTO{893, null), CuadroDTO{894, null), CuadroDTO{895, null), CuadroDTO{896, null), CuadroDTO{897, null), CuadroDTO{898, null), CuadroDTO{899, null), CuadroDTO{900, null), CuadroDTO{901, null), CuadroDTO{902, null), CuadroDTO{903, null), CuadroDTO{904, null), CuadroDTO{905, null), CuadroDTO{906, null), CuadroDTO{907, null), CuadroDTO{908, null), CuadroDTO{909, null), CuadroDTO{910, null), CuadroDTO{911, null), CuadroDTO{912, null), CuadroDTO{913, null), CuadroDTO{914, null), CuadroDTO{915, null), CuadroDTO{916, null), CuadroDTO{917, null), CuadroDTO{918, null), CuadroDTO{919, null), CuadroDTO{920, null), CuadroDTO{921, null), CuadroDTO{922, null), CuadroDTO{923, null), CuadroDTO{924, null), CuadroDTO{925, null), CuadroDTO{926, null), CuadroDTO{927, null), CuadroDTO{928, null), CuadroDTO{929, null), CuadroDTO{930, null), CuadroDTO{931, null), CuadroDTO{932, null), CuadroDTO{933, null), CuadroDTO{934, null), CuadroDTO{935, null), CuadroDTO{936, null), CuadroDTO{937, null), CuadroDTO{938, null), CuadroDTO{939, null), CuadroDTO{940, null), CuadroDTO{941, null), CuadroDTO{942, null), CuadroDTO{943, null), CuadroDTO{944, null), CuadroDTO{945, null), CuadroDTO{946, null), CuadroDTO{947, null), CuadroDTO{948, null), CuadroDTO{949, null), CuadroDTO{950, null), CuadroDTO{951, null), CuadroDTO{952, null), CuadroDTO{953, null), CuadroDTO{954, null), CuadroDTO{955, null), CuadroDTO{956, null), CuadroDTO{957, null), CuadroDTO{958, null), CuadroDTO{959, null), CuadroDTO{960, null), CuadroDTO{961, null), CuadroDTO{962, null), CuadroDTO{963, null), CuadroDTO{964, null), CuadroDTO{965, null), CuadroDTO{966, null), CuadroDTO{967, null), CuadroDTO{968, null), CuadroDTO{969, null), CuadroDTO{970, null), CuadroDTO{971, null), CuadroDTO{972, null), CuadroDTO{973, null), CuadroDTO{974, null), CuadroDTO{975, null), CuadroDTO{976, null), CuadroDTO{977, null), CuadroDTO{978, null), CuadroDTO{979, null), CuadroDTO{980, null), CuadroDTO{981, null), CuadroDTO{982, null), CuadroDTO{983, null), CuadroDTO{984, null), CuadroDTO{985, null), CuadroDTO{986, null), CuadroDTO{987, null), CuadroDTO{988, null), CuadroDTO{989, null), CuadroDTO{990, null), CuadroDTO{991, null), CuadroDTO{992, null), CuadroDTO{993, null), CuadroDTO{994, null), CuadroDTO{995, null), CuadroDTO{996, null), CuadroDTO{997, null), CuadroDTO{998, null), CuadroDTO{999, null), CuadroDTO{1000, null), CuadroDTO{1001, null), CuadroDTO{1002, null), CuadroDTO{1003, null), CuadroDTO{1004, null), CuadroDTO{1005, null), CuadroDTO{1006, null), CuadroDTO{1007, null), CuadroDTO{1008, null), CuadroDTO{1009, null), CuadroDTO{1010, null), CuadroDTO{1011, null), CuadroDTO{1012, null), CuadroDTO{1013, null), CuadroDTO{1014, null), CuadroDTO{1015, null), CuadroDTO{1016, null), CuadroDTO{1017, null), CuadroDTO{1018, null), CuadroDTO{1019, null), CuadroDTO{1020, null), CuadroDTO{1021, null), CuadroDTO{1022, null), CuadroDTO{1023, null), CuadroDTO{1024, null), CuadroDTO{1025, null), CuadroDTO{1026, null), CuadroDTO{1027, null), CuadroDTO{1028, null), CuadroDTO{1029, null), CuadroDTO{1030, null), CuadroDTO{1031, null), CuadroDTO{1032, null), CuadroDTO{1033, null), CuadroDTO{1034, null), CuadroDTO{1035, null), CuadroDTO{1036, null), CuadroDTO{1037, null), CuadroDTO{1038, null), CuadroDTO{1039, null), CuadroDTO{1040, null), CuadroDTO{1041, null), CuadroDTO{1042, null), CuadroDTO{1043, null), CuadroDTO{1044, null), CuadroDTO{1045, null), CuadroDTO{1046, null), CuadroDTO{1047, null), CuadroDTO{1048, null), CuadroDTO{1049, null), CuadroDTO{1050, null), CuadroDTO{1051, null), CuadroDTO{1052, null), CuadroDTO{1053, null), CuadroDTO{1054, null), CuadroDTO{1055, null), CuadroDTO{1056, null), CuadroDTO{1057, null), CuadroDTO{1058, null), CuadroDTO{1059, null), CuadroDTO{1060, null), CuadroDTO{1061, null), CuadroDTO{1062, null), CuadroDTO{1063, null), CuadroDTO{1064, null), CuadroDTO{1065, null), CuadroDTO{1066, null), CuadroDTO{1067, null), CuadroDTO{1068, null), CuadroDTO{1069, null), CuadroDTO{1070, null), CuadroDTO{1071, null), CuadroDTO{1072, null), CuadroDTO{1073, null), CuadroDTO{1074, null), CuadroDTO{1075, null), CuadroDTO{1076, null), CuadroDTO{1077, null), CuadroDTO{1078, null), CuadroDTO{1079, null), CuadroDTO{1080, null), CuadroDTO{1081, null), CuadroDTO{1082, null), CuadroDTO{1083, null), CuadroDTO{1084, null), CuadroDTO{1085, null), CuadroDTO{1086, null), CuadroDTO{1087, null), CuadroDTO{1088, null), CuadroDTO{1089, null), CuadroDTO{1090, null), CuadroDTO{1091, null), CuadroDTO{1092, null), CuadroDTO{1093, null), CuadroDTO{1094, null), CuadroDTO{1095, null), CuadroDTO{1096, null), CuadroDTO{1097, null), CuadroDTO{1098, null), CuadroDTO{1099, null), CuadroDTO{1100, null), CuadroDTO{1101, null), CuadroDTO{1102, null), CuadroDTO{1103, null), CuadroDTO{1104, null), CuadroDTO{1105, null), CuadroDTO{1106, null), CuadroDTO{1107, null), CuadroDTO{1108, null), CuadroDTO{1109, null), CuadroDTO{1110, null), CuadroDTO{1111, null), CuadroDTO{1112, null), CuadroDTO{1113, null), CuadroDTO{1114, null), CuadroDTO{1115, null), CuadroDTO{1116, null), CuadroDTO{1117, null), CuadroDTO{1118, null), CuadroDTO{1119, null), CuadroDTO{1120, null), CuadroDTO{1121, null), CuadroDTO{1122, null), CuadroDTO{1123, null), CuadroDTO{1124, null), CuadroDTO{1125, null), CuadroDTO{1126, null), CuadroDTO{1127, null), CuadroDTO{1128, null), CuadroDTO{1129, null), CuadroDTO{1130, null), CuadroDTO{1131, null), CuadroDTO{1132, null), CuadroDTO{1133, null), CuadroDTO{1134, null), CuadroDTO{1135, null), CuadroDTO{1136, null), CuadroDTO{1137, null), CuadroDTO{1138, null), CuadroDTO{1139, null), CuadroDTO{1140, null), CuadroDTO{1141, null), CuadroDTO{1142, null), CuadroDTO{1143, null), CuadroDTO{1144, null), CuadroDTO{1145, null), CuadroDTO{1146, null), CuadroDTO{1147, null), CuadroDTO{1148, null), CuadroDTO{1149, null), CuadroDTO{1150, null), CuadroDTO{1151, null), CuadroDTO{1152, null), CuadroDTO{1153, null), CuadroDTO{1154, null), CuadroDTO{1155, null), CuadroDTO{1156, null), CuadroDTO{1157, null), CuadroDTO{1158, null), CuadroDTO{1159, null), CuadroDTO{1160, null), CuadroDTO{1161, null), CuadroDTO{1162, null), CuadroDTO{1163, null), CuadroDTO{1164, null), CuadroDTO{1165, null), CuadroDTO{1166, null), CuadroDTO{1167, null), CuadroDTO{1168, null), CuadroDTO{1169, null), CuadroDTO{1170, null), CuadroDTO{1171, null), CuadroDTO{1172, null), CuadroDTO{1173, null), CuadroDTO{1174, null), CuadroDTO{1175, null), CuadroDTO{1176, null), CuadroDTO{1177, null), CuadroDTO{1178, null), CuadroDTO{1179, null), CuadroDTO{1180, null), CuadroDTO{1181, null), CuadroDTO{1182, null), CuadroDTO{1183, null), CuadroDTO{1184, null), CuadroDTO{1185, null), CuadroDTO{1186, null), CuadroDTO{1187, null), CuadroDTO{1188, null), CuadroDTO{1189, null), CuadroDTO{1190, null), CuadroDTO{1191, null), CuadroDTO{1192, null), CuadroDTO{1193, null), CuadroDTO{1194, null), CuadroDTO{1195, null), CuadroDTO{1196, null), CuadroDTO{1197, null), CuadroDTO{1198, null), CuadroDTO{1199, null), CuadroDTO{1200, null), CuadroDTO{1201, null), CuadroDTO{1202, null), CuadroDTO{1203, null), CuadroDTO{1204, null), CuadroDTO{1205, null), CuadroDTO{1206, null), CuadroDTO{1207, null), CuadroDTO{1208, null), CuadroDTO{1209, null), CuadroDTO{1210, null), CuadroDTO{1211, null), CuadroDTO{1212, null), CuadroDTO{1213, null), CuadroDTO{1214, null), CuadroDTO{1215, null), CuadroDTO{1216, null), CuadroDTO{1217, null), CuadroDTO{1218, null), CuadroDTO{1219, null), CuadroDTO{1220, null), CuadroDTO{1221, null), CuadroDTO{1222, null), CuadroDTO{1223, null), CuadroDTO{1224, null), CuadroDTO{1225, null), CuadroDTO{1226, null), CuadroDTO{1227, null), CuadroDTO{1228, null), CuadroDTO{1229, null), CuadroDTO{1230, null), CuadroDTO{1231, null), CuadroDTO{1232, null), CuadroDTO{1233, null), CuadroDTO{1234, null), CuadroDTO{1235, null), CuadroDTO{1236, null), CuadroDTO{1237, null), CuadroDTO{1238, null), CuadroDTO{1239, null), CuadroDTO{1240, null), CuadroDTO{1241, null), CuadroDTO{1242, null), CuadroDTO{1243, null), CuadroDTO{1244, null), CuadroDTO{1245, null), CuadroDTO{1246, null), CuadroDTO{1247, null), CuadroDTO{1248, null), CuadroDTO{1249, null), CuadroDTO{1250, null), CuadroDTO{1251, null), CuadroDTO{1252, null), CuadroDTO{1253, null), CuadroDTO{1254, null), CuadroDTO{1255, null), CuadroDTO{1256, null), CuadroDTO{1257, null), CuadroDTO{1258, null), CuadroDTO{1259, null), CuadroDTO{1260, null), CuadroDTO{1261, null), CuadroDTO{1262, null), CuadroDTO{1263, null), CuadroDTO{1264, null), CuadroDTO{1265, null), CuadroDTO{1266, null), CuadroDTO{1267, null), CuadroDTO{1268, null), CuadroDTO{1269, null), CuadroDTO{1270, null), CuadroDTO{1271, null), CuadroDTO{1272, null), CuadroDTO{1273, null), CuadroDTO{1274, null), CuadroDTO{1275, null), CuadroDTO{1276, null), CuadroDTO{1277, null), CuadroDTO{1278, null), CuadroDTO{1279, null), CuadroDTO{1280, null), CuadroDTO{1281, null), CuadroDTO{1282, null), CuadroDTO{1283, null), CuadroDTO{1284, null), CuadroDTO{1285, null), CuadroDTO{1286, null), CuadroDTO{1287, null), CuadroDTO{1288, null), CuadroDTO{1289, null), CuadroDTO{1290, null), CuadroDTO{1291, null), CuadroDTO{1292, null), CuadroDTO{1293, null), CuadroDTO{1294, null), CuadroDTO{1295, null), CuadroDTO{1296, null), CuadroDTO{1297, null), CuadroDTO{1298, null), CuadroDTO{1299, null), CuadroDTO{1300, null), CuadroDTO{1301, null), CuadroDTO{1302, null), CuadroDTO{1303, null), CuadroDTO{1304, null), CuadroDTO{1305, null), CuadroDTO{1306, null), CuadroDTO{1307, null), CuadroDTO{1308, null), CuadroDTO{1309, null), CuadroDTO{1310, null), CuadroDTO{1311, null), CuadroDTO{1312, null), CuadroDTO{1313, null), CuadroDTO{1314, null), CuadroDTO{1315, null), CuadroDTO{1316, null), CuadroDTO{1317, null), CuadroDTO{1318, null), CuadroDTO{1319, null), CuadroDTO{1320, null), CuadroDTO{1321, null), CuadroDTO{1322, null), CuadroDTO{1323, null), CuadroDTO{1324, null), CuadroDTO{1325, null), CuadroDTO{1326, null), CuadroDTO{1327, null), CuadroDTO{1328, null), CuadroDTO{1329, null), CuadroDTO{1330, null), CuadroDTO{1331, null), CuadroDTO{1332, null), CuadroDTO{1333, null), CuadroDTO{1334, null), CuadroDTO{1335, null), CuadroDTO{1336, null), CuadroDTO{1337, null), CuadroDTO{1338, null), CuadroDTO{1339, null), CuadroDTO{1340, null), CuadroDTO{1341, null), CuadroDTO{1342, null), CuadroDTO{1343, null), CuadroDTO{1344, null), CuadroDTO{1345, null), CuadroDTO{1346, null), CuadroDTO{1347, null), CuadroDTO{1348, null), CuadroDTO{1349, null), CuadroDTO{1350, null), CuadroDTO{1351, null), CuadroDTO{1352, null), CuadroDTO{1353, null), CuadroDTO{1354, null), CuadroDTO{1355, null), CuadroDTO{1356, null), CuadroDTO{1357, null), CuadroDTO{1358, null), CuadroDTO{1359, null), CuadroDTO{1360, null), CuadroDTO{1361, null), CuadroDTO{1362, null), CuadroDTO{1363, null), CuadroDTO{1364, null), CuadroDTO{1365, null), CuadroDTO{1366, null), CuadroDTO{1367, null), CuadroDTO{1368, null), CuadroDTO{1369, null), CuadroDTO{1370, null), CuadroDTO{1371, null), CuadroDTO{1372, null), CuadroDTO{1373, null), CuadroDTO{1374, null), CuadroDTO{1375, null), CuadroDTO{1376, null), CuadroDTO{1377, null), CuadroDTO{1378, null), CuadroDTO{1379, null), CuadroDTO{1380, null), CuadroDTO{1381, null), CuadroDTO{1382, null), CuadroDTO{1383, null), CuadroDTO{1384, null), CuadroDTO{1385, null), CuadroDTO{1386, null), CuadroDTO{1387, null), CuadroDTO{1388, null), CuadroDTO{1389, null), CuadroDTO{1390, null), CuadroDTO{1391, null), CuadroDTO{1392, null), CuadroDTO{1393, null), CuadroDTO{1394, null), CuadroDTO{1395, null), CuadroDTO{1396, null), CuadroDTO{1397, null), CuadroDTO{1398, null), CuadroDTO{1399, null), CuadroDTO{1400, null), CuadroDTO{1401, null), CuadroDTO{1402, null), CuadroDTO{1403, null), CuadroDTO{1404, null), CuadroDTO{1405, null), CuadroDTO{1406, null), CuadroDTO{1407, null), CuadroDTO{1408, null), CuadroDTO{1409, null), CuadroDTO{1410, null), CuadroDTO{1411, null), CuadroDTO{1412, null), CuadroDTO{1413, null), CuadroDTO{1414, null), CuadroDTO{1415, null), CuadroDTO{1416, null), CuadroDTO{1417, null), CuadroDTO{1418, null), CuadroDTO{1419, null), CuadroDTO{1420, null), CuadroDTO{1421, null), CuadroDTO{1422, null), CuadroDTO{1423, null), CuadroDTO{1424, null), CuadroDTO{1425, null), CuadroDTO{1426, null), CuadroDTO{1427, null), CuadroDTO{1428, null), CuadroDTO{1429, null), CuadroDTO{1430, null), CuadroDTO{1431, null), CuadroDTO{1432, null), CuadroDTO{1433, null), CuadroDTO{1434, null), CuadroDTO{1435, null), CuadroDTO{1436, null), CuadroDTO{1437, null), CuadroDTO{1438, null), CuadroDTO{1439, null), CuadroDTO{1440, null), CuadroDTO{1441, null), CuadroDTO{1442, null), CuadroDTO{1443, null), CuadroDTO{1444, null), CuadroDTO{1445, null), CuadroDTO{1446, null), CuadroDTO{1447, null), CuadroDTO{1448, null), CuadroDTO{1449, null), CuadroDTO{1450, null), CuadroDTO{1451, null), CuadroDTO{1452, null), CuadroDTO{1453, null), CuadroDTO{1454, null), CuadroDTO{1455, null), CuadroDTO{1456, null), CuadroDTO{1457, null), CuadroDTO{1458, null), CuadroDTO{1459, null), CuadroDTO{1460, null), CuadroDTO{1461, null), CuadroDTO{1462, null), CuadroDTO{1463, null), CuadroDTO{1464, null), CuadroDTO{1465, null), CuadroDTO{1466, null), CuadroDTO{1467, null), CuadroDTO{1468, null), CuadroDTO{1469, null), CuadroDTO{1470, null), CuadroDTO{1471, null), CuadroDTO{1472, null), CuadroDTO{1473, null), CuadroDTO{1474, null), CuadroDTO{1475, null), CuadroDTO{1476, null), CuadroDTO{1477, null), CuadroDTO{1478, null), CuadroDTO{1479, null), CuadroDTO{1480, null), CuadroDTO{1481, null), CuadroDTO{1482, null), CuadroDTO{1483, null), CuadroDTO{1484, null), CuadroDTO{1485, null), CuadroDTO{1486, null), CuadroDTO{1487, null), CuadroDTO{1488, null), CuadroDTO{1489, null), CuadroDTO{1490, null), CuadroDTO{1491, null), CuadroDTO{1492, null), CuadroDTO{1493, null), CuadroDTO{1494, null), CuadroDTO{1495, null), CuadroDTO{1496, null), CuadroDTO{1497, null), CuadroDTO{1498, null), CuadroDTO{1499, null), CuadroDTO{1500, null), CuadroDTO{1501, null), CuadroDTO{1502, null), CuadroDTO{1503, null), CuadroDTO{1504, null), CuadroDTO{1505, null), CuadroDTO{1506, null), CuadroDTO{1507, null), CuadroDTO{1508, null), CuadroDTO{1509, null), CuadroDTO{1510, null), CuadroDTO{1511, null), CuadroDTO{1512, null), CuadroDTO{1513, null), CuadroDTO{1514, null), CuadroDTO{1515, null), CuadroDTO{1516, null), CuadroDTO{1517, null), CuadroDTO{1518, null), CuadroDTO{1519, null), CuadroDTO{1520, null)]}, marcadorDTO=MarcadorDTO{jugadores=[JugadorDTO{nombreJugador=Jugador1, rutaAvatar=laRuta, puntaje=0}, JugadorDTO{nombreJugador=Jugador2, rutaAvatar=laRuta, puntaje=3}, JugadorDTO{nombreJugador=Jugador3, rutaAvatar=laRuta, puntaje=0}, JugadorDTO{nombreJugador=Jugador4, rutaAvatar=laRuta, puntaje=0}], siguiente=0}}
]]></system-out>
  <system-err><![CDATA[]]></system-err>
</testsuite>
